default.RecordedSimulation	recordedsimulation	RUN	1454613369632	recordedsimulation	2.0
RecordedSimulation	8646286107356017305-0	USER	START	1454613371330	0
RecordedSimulation	8646286107356017305-1	USER	START	1454613371340	0
RecordedSimulation	8646286107356017305-2	USER	START	1454613371340	0
RecordedSimulation	8646286107356017305-3	USER	START	1454613371340	0
RecordedSimulation	8646286107356017305-4	USER	START	1454613371340	0
RecordedSimulation	8646286107356017305-5	USER	START	1454613371340	0
RecordedSimulation	8646286107356017305-6	USER	START	1454613371340	0
RecordedSimulation	8646286107356017305-7	USER	START	1454613371340	0
RecordedSimulation	8646286107356017305-8	USER	START	1454613371340	0
RecordedSimulation	8646286107356017305-9	USER	START	1454613371341	0
RecordedSimulation	8646286107356017305-7	REQUEST		request_0	1454613371709	1454613371779	1454613371835	1454613371835	KO	status.find.in(200,304,201,202,203,204,205,206,207,208,209), but actually found 401
RecordedSimulation	8646286107356017305-1	REQUEST		request_0	1454613371629	1454613371703	1454613371759	1454613371759	KO	status.find.in(200,304,201,202,203,204,205,206,207,208,209), but actually found 401
RecordedSimulation	8646286107356017305-8	REQUEST		request_0	1454613371722	1454613371790	1454613371846	1454613371846	KO	status.find.in(200,304,201,202,203,204,205,206,207,208,209), but actually found 401
RecordedSimulation	8646286107356017305-5	REQUEST		request_0	1454613371683	1454613371750	1454613371804	1454613371804	KO	status.find.in(200,304,201,202,203,204,205,206,207,208,209), but actually found 401
RecordedSimulation	8646286107356017305-3	REQUEST		request_0	1454613371658	1454613371721	1454613371772	1454613371772	KO	status.find.in(200,304,201,202,203,204,205,206,207,208,209), but actually found 401
RecordedSimulation	8646286107356017305-2	REQUEST		request_0	1454613371646	1454613371712	1454613371764	1454613371765	KO	status.find.in(200,304,201,202,203,204,205,206,207,208,209), but actually found 401
RecordedSimulation	8646286107356017305-6	REQUEST		request_0	1454613371696	1454613371764	1454613371823	1454613371823	KO	status.find.in(200,304,201,202,203,204,205,206,207,208,209), but actually found 401
RecordedSimulation	8646286107356017305-9	REQUEST		request_0	1454613371736	1454613371811	1454613371869	1454613371869	KO	status.find.in(200,304,201,202,203,204,205,206,207,208,209), but actually found 401
RecordedSimulation	8646286107356017305-0	REQUEST		request_0	1454613371453	1454613371680	1454613371734	1454613371736	KO	status.find.in(200,304,201,202,203,204,205,206,207,208,209), but actually found 401
RecordedSimulation	8646286107356017305-4	REQUEST		request_0	1454613371671	1454613371739	1454613371795	1454613371795	KO	status.find.in(200,304,201,202,203,204,205,206,207,208,209), but actually found 401
RecordedSimulation	8646286107356017305-9	REQUEST		request_2	1454613372007	1454613372007	1454613372007	1454613374964	KO	java.net.ConnectException: http://http:80
RecordedSimulation	8646286107356017305-3	REQUEST		request_2	1454613372007	1454613372007	1454613372007	1454613374965	KO	java.net.ConnectException: http://http:80
RecordedSimulation	8646286107356017305-6	REQUEST		request_2	1454613372004	1454613372004	1454613372004	1454613374964	KO	java.net.ConnectException: http://http:80
RecordedSimulation	8646286107356017305-6	REQUEST		request_4	1454613374982	1454613374982	1454613374982	1454613374983	KO	java.net.ConnectException: http://http:80
RecordedSimulation	8646286107356017305-4	REQUEST		request_2	1454613372005	1454613372005	1454613372005	1454613374964	KO	java.net.ConnectException: http://http:80
RecordedSimulation	8646286107356017305-4	REQUEST		request_4	1454613374975	1454613374975	1454613374975	1454613374976	KO	java.net.ConnectException: http://http:80
RecordedSimulation	8646286107356017305-9	REQUEST		request_3	1454613374972	1454613374972	1454613374972	1454613374974	KO	java.net.ConnectException: http://http:80
RecordedSimulation	8646286107356017305-9	REQUEST		request_4	1454613374975	1454613374975	1454613374975	1454613374983	KO	java.net.ConnectException: http://http:80
RecordedSimulation	8646286107356017305-1	REQUEST		request_2	1454613372004	1454613372004	1454613372004	1454613374964	KO	java.net.ConnectException: http://http:80
RecordedSimulation	8646286107356017305-3	REQUEST		request_4	1454613374977	1454613374977	1454613374977	1454613374978	KO	java.net.ConnectException: http://http:80
RecordedSimulation	8646286107356017305-1	REQUEST		request_3	1454613374972	1454613374972	1454613374972	1454613374973	KO	java.net.ConnectException: http://http:80
RecordedSimulation	8646286107356017305-0	REQUEST		request_4	1454613374979	1454613374979	1454613374979	1454613374981	KO	java.net.ConnectException: http://http:80
RecordedSimulation	8646286107356017305-1	REQUEST		request_4	1454613374974	1454613374974	1454613374974	1454613374975	KO	java.net.ConnectException: http://http:80
RecordedSimulation	8646286107356017305-7	REQUEST		request_2	1454613372005	1454613372005	1454613372005	1454613374963	KO	java.net.ConnectException: http://http:80
RecordedSimulation	8646286107356017305-3	REQUEST		request_3	1454613374975	1454613374975	1454613374975	1454613374976	KO	java.net.ConnectException: http://http:80
RecordedSimulation	8646286107356017305-0	REQUEST		request_2	1454613372006	1454613372006	1454613372006	1454613374965	KO	java.net.ConnectException: http://http:80
RecordedSimulation	8646286107356017305-0	REQUEST		request_3	1454613374971	1454613374971	1454613374971	1454613374978	KO	java.net.ConnectException: http://http:80
RecordedSimulation	8646286107356017305-7	REQUEST		request_3	1454613374971	1454613374971	1454613374971	1454613374973	KO	java.net.ConnectException: http://http:80
RecordedSimulation	8646286107356017305-6	REQUEST		request_3	1454613374980	1454613374980	1454613374980	1454613374981	KO	java.net.ConnectException: http://http:80
RecordedSimulation	8646286107356017305-7	REQUEST		request_4	1454613374974	1454613374974	1454613374974	1454613374975	KO	java.net.ConnectException: http://http:80
RecordedSimulation	8646286107356017305-8	REQUEST		request_3	1454613374991	1454613374991	1454613374991	1454613374992	KO	java.net.ConnectException: http://http:80
RecordedSimulation	8646286107356017305-2	REQUEST		request_2	1454613372006	1454613372006	1454613372006	1454613374965	KO	java.net.ConnectException: http://http:80
RecordedSimulation	8646286107356017305-2	REQUEST		request_3	1454613374996	1454613374996	1454613374996	1454613374997	KO	java.net.ConnectException: http://http:80
RecordedSimulation	8646286107356017305-8	REQUEST		request_4	1454613374993	1454613374993	1454613374993	1454613374995	KO	java.net.ConnectException: http://http:80
RecordedSimulation	8646286107356017305-2	REQUEST		request_4	1454613374998	1454613374998	1454613374998	1454613374999	KO	java.net.ConnectException: http://http:80
RecordedSimulation	8646286107356017305-4	REQUEST		request_3	1454613374971	1454613374971	1454613374971	1454613374974	KO	java.net.ConnectException: http://http:80
RecordedSimulation	8646286107356017305-8	REQUEST		request_2	1454613372005	1454613372005	1454613372005	1454613374965	KO	java.net.ConnectException: http://http:80
RecordedSimulation	8646286107356017305-5	REQUEST		request_2	1454613372005	1454613372005	1454613372005	1454613374966	KO	java.net.ConnectException: http://http:80
RecordedSimulation	8646286107356017305-5	REQUEST		request_3	1454613375008	1454613375008	1454613375008	1454613375010	KO	java.net.ConnectException: http://http:80
RecordedSimulation	8646286107356017305-5	REQUEST		request_4	1454613375010	1454613375010	1454613375010	1454613375012	KO	java.net.ConnectException: http://http:80
RecordedSimulation	8646286107356017305-6	REQUEST		request_1	1454613374984	1454613375065	1454613375083	1454613375083	OK	 
RecordedSimulation	8646286107356017305-3	REQUEST		request_1	1454613374979	1454613375065	1454613375086	1454613375086	OK	 
RecordedSimulation	8646286107356017305-8	REQUEST		request_1	1454613374995	1454613375062	1454613375099	1454613375099	OK	 
RecordedSimulation	8646286107356017305-2	REQUEST		request_1	1454613375000	1454613375062	1454613375101	1454613375101	OK	 
RecordedSimulation	8646286107356017305-0	REQUEST		request_1	1454613374982	1454613375070	1454613375100	1454613375100	OK	 
RecordedSimulation	8646286107356017305-1	REQUEST		request_1	1454613374976	1454613375073	1454613375125	1454613375125	OK	 
RecordedSimulation	8646286107356017305-9	REQUEST		request_1	1454613374984	1454613375111	1454613375160	1454613375160	OK	 
RecordedSimulation	8646286107356017305-4	REQUEST		request_1	1454613374978	1454613375123	1454613375160	1454613375160	OK	 
RecordedSimulation	8646286107356017305-7	REQUEST		request_1	1454613374977	1454613375142	1454613375161	1454613375161	OK	 
RecordedSimulation	8646286107356017305-5	REQUEST		request_1	1454613375013	1454613375144	1454613375171	1454613375171	OK	 
RecordedSimulation	8646286107356017305-9	REQUEST		request_1 Redirect 1	1454613375161	1454613376448	1454613376485	1454613376485	OK	 
RecordedSimulation	8646286107356017305-4	REQUEST		request_1 Redirect 1	1454613375161	1454613376452	1454613376473	1454613376473	OK	 
RecordedSimulation	8646286107356017305-6	REQUEST		request_1 Redirect 1	1454613375142	1454613376451	1454613376498	1454613376498	OK	 
RecordedSimulation	8646286107356017305-0	REQUEST		request_1 Redirect 1	1454613375114	1454613376451	1454613376481	1454613376481	OK	 
RecordedSimulation	8646286107356017305-1	REQUEST		request_1 Redirect 1	1454613375136	1454613376448	1454613376480	1454613376480	OK	 
RecordedSimulation	8646286107356017305-2	REQUEST		request_1 Redirect 1	1454613375108	1454613376448	1454613376473	1454613376473	OK	 
RecordedSimulation	8646286107356017305-8	REQUEST		request_1 Redirect 1	1454613375135	1454613376455	1454613376509	1454613376509	OK	 
RecordedSimulation	8646286107356017305-5	REQUEST		request_1 Redirect 1	1454613375173	1454613376490	1454613376530	1454613376530	OK	 
RecordedSimulation	8646286107356017305-3	REQUEST		request_1 Redirect 1	1454613375108	1454613376522	1454613376560	1454613376560	OK	 
RecordedSimulation	8646286107356017305-2	REQUEST		request_1 Redirect 2	1454613376505	1454613376520	1454613376536	1454613376624	OK	 
RecordedSimulation	8646286107356017305-7	REQUEST		request_1 Redirect 1	1454613375163	1454613376520	1454613376547	1454613376547	OK	 
RecordedSimulation	8646286107356017305-1	REQUEST		request_1 Redirect 2	1454613376503	1454613376521	1454613376594	1454613376626	OK	 
RecordedSimulation	8646286107356017305-9	REQUEST		request_1 Redirect 2	1454613376501	1454613376510	1454613376653	1454613376655	OK	 
RecordedSimulation	8646286107356017305-0	REQUEST		request_1 Redirect 2	1454613376509	1454613376521	1454613376624	1454613376637	OK	 
RecordedSimulation	8646286107356017305-4	REQUEST		request_1 Redirect 2	1454613376499	1454613376517	1454613376547	1454613376665	OK	 
RecordedSimulation	8646286107356017305-8	REQUEST		request_1 Redirect 2	1454613376514	1454613376522	1454613376552	1454613376676	OK	 
RecordedSimulation	8646286107356017305-6	REQUEST		request_1 Redirect 2	1454613376506	1454613376520	1454613376669	1454613376682	OK	 
RecordedSimulation	8646286107356017305-5	REQUEST		request_1 Redirect 2	1454613376531	1454613376535	1454613376564	1454613376686	OK	 
RecordedSimulation	8646286107356017305-7	REQUEST		request_1 Redirect 2	1454613376644	1454613376653	1454613377063	1454613377065	OK	 
RecordedSimulation	8646286107356017305-3	REQUEST		request_1 Redirect 2	1454613376596	1454613376603	1454613377071	1454613377073	OK	 
RecordedSimulation	8646286107356017305-0	REQUEST		request_5	1454613380675	1454613380676	1454613380728	1454613380728	KO	status.find.in(200,304,201,202,203,204,205,206,207,208,209), but actually found 401
RecordedSimulation	8646286107356017305-2	REQUEST		request_5	1454613380677	1454613380679	1454613380730	1454613380730	KO	status.find.in(200,304,201,202,203,204,205,206,207,208,209), but actually found 401
RecordedSimulation	8646286107356017305-9	REQUEST		request_5	1454613380673	1454613380675	1454613380731	1454613380731	KO	status.find.in(200,304,201,202,203,204,205,206,207,208,209), but actually found 401
RecordedSimulation	8646286107356017305-0	REQUEST		request_7	1454613380735	1454613380735	1454613380735	1454613380737	KO	java.net.ConnectException: http://http:80
RecordedSimulation	8646286107356017305-2	REQUEST		request_7	1454613380736	1454613380736	1454613380736	1454613380738	KO	java.net.ConnectException: http://http:80
RecordedSimulation	8646286107356017305-2	REQUEST		request_8	1454613380739	1454613380739	1454613380739	1454613380740	KO	java.net.ConnectException: http://http:80
RecordedSimulation	8646286107356017305-0	REQUEST		request_8	1454613380737	1454613380737	1454613380737	1454613380738	KO	java.net.ConnectException: http://http:80
RecordedSimulation	8646286107356017305-0	REQUEST		request_9	1454613380739	1454613380739	1454613380739	1454613380740	KO	java.net.ConnectException: http://http:80
RecordedSimulation	8646286107356017305-9	REQUEST		request_7	1454613380740	1454613380740	1454613380740	1454613380741	KO	java.net.ConnectException: http://http:80
RecordedSimulation	8646286107356017305-2	REQUEST		request_9	1454613380741	1454613380741	1454613380741	1454613380742	KO	java.net.ConnectException: http://http:80
RecordedSimulation	8646286107356017305-9	REQUEST		request_8	1454613380742	1454613380742	1454613380742	1454613380744	KO	java.net.ConnectException: http://http:80
RecordedSimulation	8646286107356017305-1	REQUEST		request_5	1454613380676	1454613380677	1454613380744	1454613380744	KO	status.find.in(200,304,201,202,203,204,205,206,207,208,209), but actually found 401
RecordedSimulation	8646286107356017305-9	REQUEST		request_9	1454613380745	1454613380745	1454613380745	1454613380746	KO	java.net.ConnectException: http://http:80
RecordedSimulation	8646286107356017305-1	REQUEST		request_7	1454613380753	1454613380753	1454613380753	1454613380754	KO	java.net.ConnectException: http://http:80
RecordedSimulation	8646286107356017305-1	REQUEST		request_8	1454613380756	1454613380756	1454613380756	1454613380757	KO	java.net.ConnectException: http://http:80
RecordedSimulation	8646286107356017305-1	REQUEST		request_9	1454613380758	1454613380758	1454613380758	1454613380760	KO	java.net.ConnectException: http://http:80
RecordedSimulation	8646286107356017305-0	USER	END	1454613371330	1454613380764
RecordedSimulation	8646286107356017305-2	USER	END	1454613371340	1454613380766
RecordedSimulation	8646286107356017305-9	USER	END	1454613371341	1454613380771
RecordedSimulation	8646286107356017305-1	USER	END	1454613371340	1454613380774
RecordedSimulation	8646286107356017305-4	REQUEST		request_5	1454613380774	1454613380776	1454613380830	1454613380830	KO	status.find.in(200,304,201,202,203,204,205,206,207,208,209), but actually found 401
RecordedSimulation	8646286107356017305-8	REQUEST		request_5	1454613380776	1454613380777	1454613380831	1454613380831	KO	status.find.in(200,304,201,202,203,204,205,206,207,208,209), but actually found 401
RecordedSimulation	8646286107356017305-6	REQUEST		request_5	1454613380778	1454613380779	1454613380836	1454613380836	KO	status.find.in(200,304,201,202,203,204,205,206,207,208,209), but actually found 401
RecordedSimulation	8646286107356017305-8	REQUEST		request_7	1454613380838	1454613380838	1454613380838	1454613380840	KO	java.net.ConnectException: http://http:80
RecordedSimulation	8646286107356017305-8	REQUEST		request_8	1454613380842	1454613380842	1454613380842	1454613380844	KO	java.net.ConnectException: http://http:80
RecordedSimulation	8646286107356017305-8	REQUEST		request_9	1454613380845	1454613380845	1454613380845	1454613380848	KO	java.net.ConnectException: http://http:80
RecordedSimulation	8646286107356017305-4	REQUEST		request_7	1454613380840	1454613380840	1454613380840	1454613380843	KO	java.net.ConnectException: http://http:80
RecordedSimulation	8646286107356017305-5	REQUEST		request_5	1454613380779	1454613380781	1454613380835	1454613380835	KO	status.find.in(200,304,201,202,203,204,205,206,207,208,209), but actually found 401
RecordedSimulation	8646286107356017305-8	USER	END	1454613371340	1454613380863
RecordedSimulation	8646286107356017305-6	REQUEST		request_7	1454613380846	1454613380846	1454613380846	1454613380849	KO	java.net.ConnectException: http://http:80
RecordedSimulation	8646286107356017305-6	REQUEST		request_8	1454613380852	1454613380852	1454613380852	1454613380857	KO	java.net.ConnectException: http://http:80
RecordedSimulation	8646286107356017305-4	REQUEST		request_8	1454613380844	1454613380844	1454613380844	1454613380856	KO	java.net.ConnectException: http://http:80
RecordedSimulation	8646286107356017305-4	REQUEST		request_9	1454613380858	1454613380858	1454613380858	1454613380860	KO	java.net.ConnectException: http://http:80
RecordedSimulation	8646286107356017305-6	REQUEST		request_9	1454613380858	1454613380858	1454613380858	1454613380861	KO	java.net.ConnectException: http://http:80
RecordedSimulation	8646286107356017305-5	REQUEST		request_7	1454613380870	1454613380870	1454613380870	1454613380872	KO	java.net.ConnectException: http://http:80
RecordedSimulation	8646286107356017305-5	REQUEST		request_8	1454613380873	1454613380873	1454613380873	1454613380875	KO	java.net.ConnectException: http://http:80
RecordedSimulation	8646286107356017305-5	REQUEST		request_9	1454613380877	1454613380877	1454613380877	1454613380879	KO	java.net.ConnectException: http://http:80
RecordedSimulation	8646286107356017305-4	USER	END	1454613371340	1454613380886
RecordedSimulation	8646286107356017305-6	USER	END	1454613371340	1454613380890
RecordedSimulation	8646286107356017305-5	USER	END	1454613371340	1454613380894
RecordedSimulation	8646286107356017305-7	REQUEST		request_5	1454613381124	1454613381126	1454613381182	1454613381182	KO	status.find.in(200,304,201,202,203,204,205,206,207,208,209), but actually found 401
RecordedSimulation	8646286107356017305-7	REQUEST		request_7	1454613381191	1454613381191	1454613381191	1454613381193	KO	java.net.ConnectException: http://http:80
RecordedSimulation	8646286107356017305-7	REQUEST		request_8	1454613381193	1454613381193	1454613381193	1454613381195	KO	java.net.ConnectException: http://http:80
RecordedSimulation	8646286107356017305-7	REQUEST		request_9	1454613381197	1454613381197	1454613381197	1454613381199	KO	java.net.ConnectException: http://http:80
RecordedSimulation	8646286107356017305-7	USER	END	1454613371340	1454613381205
RecordedSimulation	8646286107356017305-3	REQUEST		request_5	1454613381174	1454613381176	1454613381225	1454613381225	KO	status.find.in(200,304,201,202,203,204,205,206,207,208,209), but actually found 401
RecordedSimulation	8646286107356017305-3	REQUEST		request_8	1454613381236	1454613381236	1454613381236	1454613381238	KO	java.net.ConnectException: http://http:80
RecordedSimulation	8646286107356017305-3	REQUEST		request_7	1454613381233	1454613381233	1454613381233	1454613381235	KO	java.net.ConnectException: http://http:80
RecordedSimulation	8646286107356017305-3	REQUEST		request_9	1454613381239	1454613381239	1454613381239	1454613381240	KO	java.net.ConnectException: http://http:80
RecordedSimulation	8646286107356017305-3	USER	END	1454613371340	1454613381243
