default.RecordedSimulation	recordedsimulation	RUN	1454946993962	recordedsimulation	2.0
RecordedSimulation	4713614286620507594-0	USER	START	1454946994763	0
RecordedSimulation	4713614286620507594-1	USER	START	1454946994769	0
RecordedSimulation	4713614286620507594-2	USER	START	1454946994769	0
RecordedSimulation	4713614286620507594-3	USER	START	1454946994769	0
RecordedSimulation	4713614286620507594-4	USER	START	1454946994770	0
RecordedSimulation	4713614286620507594-5	USER	START	1454946994770	0
RecordedSimulation	4713614286620507594-6	USER	START	1454946994770	0
RecordedSimulation	4713614286620507594-7	USER	START	1454946994770	0
RecordedSimulation	4713614286620507594-8	USER	START	1454946994770	0
RecordedSimulation	4713614286620507594-9	USER	START	1454946994770	0
RecordedSimulation	4713614286620507594-1	REQUEST		request_0	1454946994868	1454946994882	1454946994887	1454946994887	KO	status.find.in(200,304,201,202,203,204,205,206,207,208,209), but actually found 411
RecordedSimulation	4713614286620507594-4	REQUEST		request_0	1454946994901	1454946994921	1454946994969	1454946994969	KO	status.find.in(200,304,201,202,203,204,205,206,207,208,209), but actually found 411
RecordedSimulation	4713614286620507594-2	REQUEST		request_0	1454946994878	1454946994893	1454946994897	1454946994897	KO	status.find.in(200,304,201,202,203,204,205,206,207,208,209), but actually found 411
RecordedSimulation	4713614286620507594-0	REQUEST		request_0	1454946994851	1454946994869	1454946994882	1454946994884	KO	status.find.in(200,304,201,202,203,204,205,206,207,208,209), but actually found 411
RecordedSimulation	4713614286620507594-5	REQUEST		request_0	1454946994917	1454946994979	1454946995004	1454946995004	KO	status.find.in(200,304,201,202,203,204,205,206,207,208,209), but actually found 411
RecordedSimulation	4713614286620507594-6	REQUEST		request_0	1454946994974	1454946995050	1454946995059	1454946995059	KO	status.find.in(200,304,201,202,203,204,205,206,207,208,209), but actually found 411
RecordedSimulation	4713614286620507594-3	REQUEST		request_0	1454946994889	1454946994906	1454946994912	1454946994912	KO	status.find.in(200,304,201,202,203,204,205,206,207,208,209), but actually found 411
RecordedSimulation	4713614286620507594-7	REQUEST		request_0	1454946995001	1454946995167	1454946995179	1454946995179	KO	status.find.in(200,304,201,202,203,204,205,206,207,208,209), but actually found 411
RecordedSimulation	4713614286620507594-8	REQUEST		request_0	1454946995117	1454946995237	1454946995249	1454946995249	KO	status.find.in(200,304,201,202,203,204,205,206,207,208,209), but actually found 411
RecordedSimulation	4713614286620507594-9	REQUEST		request_0	1454946995227	1454946995271	1454946995277	1454946995277	KO	status.find.in(200,304,201,202,203,204,205,206,207,208,209), but actually found 411
RecordedSimulation	4713614286620507594-6	REQUEST		request_11	1454946995181	1454946995709	1454946995768	1454946995770	OK	 
RecordedSimulation	4713614286620507594-0	REQUEST		request_11	1454946995179	1454946995702	1454946995772	1454946995772	OK	 
RecordedSimulation	4713614286620507594-2	REQUEST		request_11	1454946995175	1454946995713	1454946995789	1454946995789	OK	 
RecordedSimulation	4713614286620507594-3	REQUEST		request_9	1454946995609	1454946995713	1454946995792	1454946995792	OK	 
RecordedSimulation	4713614286620507594-9	REQUEST		request_11	1454946995284	1454946995713	1454946995783	1454946995783	OK	 
RecordedSimulation	4713614286620507594-9	REQUEST		request_9	1454946995624	1454946995743	1454946995802	1454946995802	OK	 
RecordedSimulation	4713614286620507594-4	REQUEST		request_11	1454946995176	1454946995714	1454946995791	1454946995791	OK	 
RecordedSimulation	4713614286620507594-8	REQUEST		request_11	1454946995255	1454946995714	1454946995782	1454946995782	OK	 
RecordedSimulation	4713614286620507594-3	REQUEST		request_11	1454946995193	1454946995696	1454946995790	1454946995790	OK	 
RecordedSimulation	4713614286620507594-5	REQUEST		request_11	1454946995176	1454946995706	1454946995770	1454946995770	OK	 
RecordedSimulation	4713614286620507594-1	REQUEST		request_11	1454946995177	1454946995702	1454946995776	1454946995776	OK	 
RecordedSimulation	4713614286620507594-7	REQUEST		request_11	1454946995199	1454946995713	1454946995784	1454946995784	OK	 
RecordedSimulation	4713614286620507594-8	REQUEST		request_9	1454946995625	1454946995742	1454946995805	1454946995805	OK	 
RecordedSimulation	4713614286620507594-3	REQUEST		request_8	1454946995657	1454946995748	1454946995809	1454946995809	OK	 
RecordedSimulation	4713614286620507594-2	REQUEST		request_8	1454946995648	1454946995746	1454946995808	1454946995808	OK	 
RecordedSimulation	4713614286620507594-5	REQUEST		request_9	1454946995622	1454946995746	1454946995807	1454946995808	OK	 
RecordedSimulation	4713614286620507594-5	REQUEST		request_10	1454946995645	1454946995753	1454946995827	1454946995827	OK	 
RecordedSimulation	4713614286620507594-2	REQUEST		request_10	1454946995636	1454946995755	1454946995830	1454946995830	OK	 
RecordedSimulation	4713614286620507594-4	REQUEST		request_10	1454946995639	1454946995753	1454946995828	1454946995828	OK	 
RecordedSimulation	4713614286620507594-8	REQUEST		request_10	1454946995637	1454946995753	1454946995820	1454946995820	OK	 
RecordedSimulation	4713614286620507594-9	REQUEST		request_8	1454946995656	1454946995757	1454946995834	1454946995834	OK	 
RecordedSimulation	4713614286620507594-1	REQUEST		request_8	1454946995683	1454946995762	1454946995834	1454946995834	OK	 
RecordedSimulation	4713614286620507594-3	REQUEST		request_10	1454946995625	1454946995755	1454946995839	1454946995839	OK	 
RecordedSimulation	4713614286620507594-6	REQUEST		request_9	1454946995627	1454946995762	1454946995840	1454946995840	OK	 
RecordedSimulation	4713614286620507594-7	REQUEST		request_9	1454946995629	1454946995760	1454946995840	1454946995840	OK	 
RecordedSimulation	4713614286620507594-4	REQUEST		request_8	1454946995660	1454946995763	1454946995840	1454946995840	OK	 
RecordedSimulation	4713614286620507594-7	REQUEST		request_10	1454946995671	1454946995765	1454946995845	1454946995845	OK	 
RecordedSimulation	4713614286620507594-1	REQUEST		request_10	1454946995642	1454946995756	1454946995828	1454946995828	OK	 
RecordedSimulation	4713614286620507594-0	REQUEST		request_8	1454946995654	1454946995758	1454946995840	1454946995840	OK	 
RecordedSimulation	4713614286620507594-1	REQUEST		request_12	1454946995701	1454946995789	1454946995849	1454946995849	OK	 
RecordedSimulation	4713614286620507594-8	REQUEST		request_8	1454946995686	1454946995781	1454946995849	1454946995849	OK	 
RecordedSimulation	4713614286620507594-2	REQUEST		request_9	1454946995616	1454946995742	1454946995809	1454946995809	OK	 
RecordedSimulation	4713614286620507594-4	REQUEST		request_9	1454946995614	1454946995748	1454946995816	1454946995816	OK	 
RecordedSimulation	4713614286620507594-3	REQUEST		request_12	1454946995666	1454946995757	1454946995839	1454946995839	OK	 
RecordedSimulation	4713614286620507594-9	REQUEST		request_10	1454946995647	1454946995755	1454946995838	1454946995838	OK	 
RecordedSimulation	4713614286620507594-0	REQUEST		request_9	1454946995609	1454946995742	1454946995806	1454946995806	OK	 
RecordedSimulation	4713614286620507594-5	REQUEST		request_8	1454946995658	1454946995761	1454946995830	1454946995830	OK	 
RecordedSimulation	4713614286620507594-4	REQUEST		request_12	1454946995679	1454946995766	1454946995849	1454946995849	OK	 
RecordedSimulation	4713614286620507594-6	REQUEST		request_10	1454946995698	1454946995791	1454946995852	1454946995852	OK	 
RecordedSimulation	4713614286620507594-5	REQUEST		request_12	1454946995705	1454946995804	1454946995863	1454946995864	OK	 
RecordedSimulation	4713614286620507594-9	REQUEST		request_12	1454946995672	1454946995760	1454946995829	1454946995829	OK	 
RecordedSimulation	4713614286620507594-6	REQUEST		request_8	1454946995724	1454946995800	1454946995864	1454946995864	OK	 
RecordedSimulation	4713614286620507594-0	REQUEST		request_10	1454946995635	1454946995759	1454946995841	1454946995841	OK	 
RecordedSimulation	4713614286620507594-1	REQUEST		request_9	1454946995617	1454946995756	1454946995864	1454946995864	OK	 
RecordedSimulation	4713614286620507594-0	REQUEST		request_12	1454946995672	1454946995768	1454946995865	1454946995865	OK	 
RecordedSimulation	4713614286620507594-2	REQUEST		request_12	1454946995665	1454946995761	1454946995869	1454946995869	OK	 
RecordedSimulation	4713614286620507594-7	REQUEST		request_8	1454946995696	1454946995789	1454946995870	1454946995870	OK	 
RecordedSimulation	4713614286620507594-8	REQUEST		request_12	1454946995717	1454946995808	1454946995873	1454946995873	OK	 
RecordedSimulation	4713614286620507594-7	REQUEST		request_12	1454946995724	1454946995817	1454946995885	1454946995885	OK	 
RecordedSimulation	4713614286620507594-3	USER	END	1454946994769	1454946995895
RecordedSimulation	4713614286620507594-4	USER	END	1454946994770	1454946995903
RecordedSimulation	4713614286620507594-5	USER	END	1454946994770	1454946995908
RecordedSimulation	4713614286620507594-9	USER	END	1454946994770	1454946995911
RecordedSimulation	4713614286620507594-1	USER	END	1454946994769	1454946995912
RecordedSimulation	4713614286620507594-0	USER	END	1454946994763	1454946995914
RecordedSimulation	4713614286620507594-2	USER	END	1454946994769	1454946995916
RecordedSimulation	4713614286620507594-8	USER	END	1454946994770	1454946995917
RecordedSimulation	4713614286620507594-7	USER	END	1454946994770	1454946995918
RecordedSimulation	4713614286620507594-6	REQUEST		request_12	1454946995739	1454946995891	1454946995948	1454946995948	OK	 
RecordedSimulation	4713614286620507594-6	USER	END	1454946994770	1454946995951
