default.RecordedSimulation	recordedsimulation	RUN	1454601100725	recordedsimulation	2.0
RecordedSimulation	1527145288300645008-0	USER	START	1454601102438	0
RecordedSimulation	1527145288300645008-1	USER	START	1454601102446	0
RecordedSimulation	1527145288300645008-2	USER	START	1454601102447	0
RecordedSimulation	1527145288300645008-3	USER	START	1454601102447	0
RecordedSimulation	1527145288300645008-4	USER	START	1454601102447	0
RecordedSimulation	1527145288300645008-5	USER	START	1454601102447	0
RecordedSimulation	1527145288300645008-6	USER	START	1454601102447	0
RecordedSimulation	1527145288300645008-7	USER	START	1454601102447	0
RecordedSimulation	1527145288300645008-8	USER	START	1454601102447	0
RecordedSimulation	1527145288300645008-9	USER	START	1454601102447	0
RecordedSimulation	1527145288300645008-4	REQUEST		request_0	1454601102635	1454601102708	1454601102768	1454601102768	KO	status.find.in(200,304,201,202,203,204,205,206,207,208,209), but actually found 401
RecordedSimulation	1527145288300645008-0	REQUEST		request_0	1454601102571	1454601102652	1454601102709	1454601102710	KO	status.find.in(200,304,201,202,203,204,205,206,207,208,209), but actually found 401
RecordedSimulation	1527145288300645008-6	REQUEST		request_0	1454601102659	1454601102726	1454601102780	1454601102780	KO	status.find.in(200,304,201,202,203,204,205,206,207,208,209), but actually found 401
RecordedSimulation	1527145288300645008-7	REQUEST		request_0	1454601102673	1454601102735	1454601102789	1454601102789	KO	status.find.in(200,304,201,202,203,204,205,206,207,208,209), but actually found 401
RecordedSimulation	1527145288300645008-1	REQUEST		request_0	1454601102598	1454601102664	1454601102717	1454601102717	KO	status.find.in(200,304,201,202,203,204,205,206,207,208,209), but actually found 401
RecordedSimulation	1527145288300645008-3	REQUEST		request_0	1454601102623	1454601102692	1454601102751	1454601102751	KO	status.find.in(200,304,201,202,203,204,205,206,207,208,209), but actually found 401
RecordedSimulation	1527145288300645008-8	REQUEST		request_0	1454601102683	1454601102753	1454601102811	1454601102811	KO	status.find.in(200,304,201,202,203,204,205,206,207,208,209), but actually found 401
RecordedSimulation	1527145288300645008-5	REQUEST		request_0	1454601102648	1454601102712	1454601102765	1454601102765	KO	status.find.in(200,304,201,202,203,204,205,206,207,208,209), but actually found 401
RecordedSimulation	1527145288300645008-9	REQUEST		request_0	1454601102697	1454601102765	1454601102822	1454601102822	KO	status.find.in(200,304,201,202,203,204,205,206,207,208,209), but actually found 401
RecordedSimulation	1527145288300645008-2	REQUEST		request_0	1454601102611	1454601102676	1454601102728	1454601102728	KO	status.find.in(200,304,201,202,203,204,205,206,207,208,209), but actually found 401
RecordedSimulation	1527145288300645008-9	REQUEST		request_2	1454601102971	1454601102971	1454601102971	1454601105889	KO	java.net.ConnectException: http://http:80
RecordedSimulation	1527145288300645008-7	REQUEST		request_2	1454601102970	1454601102970	1454601102970	1454601105885	KO	java.net.ConnectException: http://http:80
RecordedSimulation	1527145288300645008-6	REQUEST		request_2	1454601102971	1454601102971	1454601102971	1454601105888	KO	java.net.ConnectException: http://http:80
RecordedSimulation	1527145288300645008-6	REQUEST		request_3	1454601105893	1454601105893	1454601105893	1454601105901	KO	java.net.ConnectException: http://http:80
RecordedSimulation	1527145288300645008-1	REQUEST		request_2	1454601102971	1454601102971	1454601102971	1454601105887	KO	java.net.ConnectException: http://http:80
RecordedSimulation	1527145288300645008-6	REQUEST		request_4	1454601105902	1454601105902	1454601105902	1454601105904	KO	java.net.ConnectException: http://http:80
RecordedSimulation	1527145288300645008-3	REQUEST		request_2	1454601102971	1454601102971	1454601102971	1454601105885	KO	java.net.ConnectException: http://http:80
RecordedSimulation	1527145288300645008-2	REQUEST		request_2	1454601102971	1454601102971	1454601102971	1454601105888	KO	java.net.ConnectException: http://http:80
RecordedSimulation	1527145288300645008-1	REQUEST		request_3	1454601105905	1454601105905	1454601105905	1454601105906	KO	java.net.ConnectException: http://http:80
RecordedSimulation	1527145288300645008-3	REQUEST		request_3	1454601105900	1454601105900	1454601105900	1454601105901	KO	java.net.ConnectException: http://http:80
RecordedSimulation	1527145288300645008-1	REQUEST		request_4	1454601105907	1454601105907	1454601105907	1454601105909	KO	java.net.ConnectException: http://http:80
RecordedSimulation	1527145288300645008-7	REQUEST		request_3	1454601105893	1454601105893	1454601105893	1454601105894	KO	java.net.ConnectException: http://http:80
RecordedSimulation	1527145288300645008-0	REQUEST		request_2	1454601102972	1454601102972	1454601102972	1454601105885	KO	java.net.ConnectException: http://http:80
RecordedSimulation	1527145288300645008-7	REQUEST		request_4	1454601105895	1454601105895	1454601105895	1454601105897	KO	java.net.ConnectException: http://http:80
RecordedSimulation	1527145288300645008-3	REQUEST		request_4	1454601105902	1454601105902	1454601105902	1454601105903	KO	java.net.ConnectException: http://http:80
RecordedSimulation	1527145288300645008-2	REQUEST		request_3	1454601105893	1454601105893	1454601105893	1454601105894	KO	java.net.ConnectException: http://http:80
RecordedSimulation	1527145288300645008-5	REQUEST		request_2	1454601102970	1454601102970	1454601102970	1454601105886	KO	java.net.ConnectException: http://http:80
RecordedSimulation	1527145288300645008-2	REQUEST		request_4	1454601105895	1454601105895	1454601105895	1454601105897	KO	java.net.ConnectException: http://http:80
RecordedSimulation	1527145288300645008-0	REQUEST		request_3	1454601105911	1454601105911	1454601105911	1454601105912	KO	java.net.ConnectException: http://http:80
RecordedSimulation	1527145288300645008-5	REQUEST		request_3	1454601105913	1454601105913	1454601105913	1454601105914	KO	java.net.ConnectException: http://http:80
RecordedSimulation	1527145288300645008-8	REQUEST		request_2	1454601102971	1454601102971	1454601102971	1454601105886	KO	java.net.ConnectException: http://http:80
RecordedSimulation	1527145288300645008-0	REQUEST		request_4	1454601105913	1454601105913	1454601105913	1454601105914	KO	java.net.ConnectException: http://http:80
RecordedSimulation	1527145288300645008-5	REQUEST		request_4	1454601105915	1454601105915	1454601105915	1454601105916	KO	java.net.ConnectException: http://http:80
RecordedSimulation	1527145288300645008-4	REQUEST		request_2	1454601102970	1454601102970	1454601102970	1454601105887	KO	java.net.ConnectException: http://http:80
RecordedSimulation	1527145288300645008-8	REQUEST		request_3	1454601105916	1454601105916	1454601105916	1454601105917	KO	java.net.ConnectException: http://http:80
RecordedSimulation	1527145288300645008-4	REQUEST		request_3	1454601105918	1454601105918	1454601105918	1454601105919	KO	java.net.ConnectException: http://http:80
RecordedSimulation	1527145288300645008-8	REQUEST		request_4	1454601105918	1454601105918	1454601105918	1454601105919	KO	java.net.ConnectException: http://http:80
RecordedSimulation	1527145288300645008-4	REQUEST		request_4	1454601105920	1454601105920	1454601105920	1454601105922	KO	java.net.ConnectException: http://http:80
RecordedSimulation	1527145288300645008-9	REQUEST		request_3	1454601105921	1454601105921	1454601105921	1454601105923	KO	java.net.ConnectException: http://http:80
RecordedSimulation	1527145288300645008-9	REQUEST		request_4	1454601105923	1454601105923	1454601105923	1454601105924	KO	java.net.ConnectException: http://http:80
RecordedSimulation	1527145288300645008-0	REQUEST		request_1	1454601105915	1454601105976	1454601105994	1454601105994	OK	 
RecordedSimulation	1527145288300645008-4	REQUEST		request_1	1454601105923	1454601105980	1454601106000	1454601106000	OK	 
RecordedSimulation	1527145288300645008-2	REQUEST		request_1	1454601105926	1454601105974	1454601105999	1454601106000	OK	 
RecordedSimulation	1527145288300645008-7	REQUEST		request_1	1454601105900	1454601105991	1454601106001	1454601106001	OK	 
RecordedSimulation	1527145288300645008-9	REQUEST		request_1	1454601105925	1454601105981	1454601106002	1454601106002	OK	 
RecordedSimulation	1527145288300645008-1	REQUEST		request_1	1454601105910	1454601105991	1454601106008	1454601106008	OK	 
RecordedSimulation	1527145288300645008-8	REQUEST		request_1	1454601105920	1454601105976	1454601105996	1454601105996	OK	 
RecordedSimulation	1527145288300645008-6	REQUEST		request_1	1454601105905	1454601105993	1454601106020	1454601106020	OK	 
RecordedSimulation	1527145288300645008-3	REQUEST		request_1	1454601105905	1454601105993	1454601106020	1454601106020	OK	 
RecordedSimulation	1527145288300645008-5	REQUEST		request_1	1454601105917	1454601105981	1454601106030	1454601106030	OK	 
RecordedSimulation	1527145288300645008-8	REQUEST		request_1 Redirect 1	1454601106019	1454601107082	1454601107112	1454601107112	OK	 
RecordedSimulation	1527145288300645008-1	REQUEST		request_1 Redirect 1	1454601106012	1454601107109	1454601107135	1454601107135	OK	 
RecordedSimulation	1527145288300645008-3	REQUEST		request_1 Redirect 1	1454601106023	1454601107103	1454601107123	1454601107123	OK	 
RecordedSimulation	1527145288300645008-2	REQUEST		request_1 Redirect 1	1454601106011	1454601107105	1454601107141	1454601107141	OK	 
RecordedSimulation	1527145288300645008-6	REQUEST		request_1 Redirect 1	1454601106022	1454601107109	1454601107149	1454601107149	OK	 
RecordedSimulation	1527145288300645008-0	REQUEST		request_1 Redirect 1	1454601106011	1454601107106	1454601107150	1454601107150	OK	 
RecordedSimulation	1527145288300645008-7	REQUEST		request_1 Redirect 1	1454601106016	1454601107170	1454601107211	1454601107211	OK	 
RecordedSimulation	1527145288300645008-8	REQUEST		request_1 Redirect 2	1454601107116	1454601107121	1454601107149	1454601107218	OK	 
RecordedSimulation	1527145288300645008-1	REQUEST		request_1 Redirect 2	1454601107137	1454601107143	1454601107195	1454601107246	OK	 
RecordedSimulation	1527145288300645008-9	REQUEST		request_1 Redirect 1	1454601106024	1454601107214	1454601107270	1454601107270	OK	 
RecordedSimulation	1527145288300645008-5	REQUEST		request_1 Redirect 1	1454601106035	1454601107271	1454601107291	1454601107292	OK	 
RecordedSimulation	1527145288300645008-2	REQUEST		request_1 Redirect 2	1454601107145	1454601107261	1454601107291	1454601107296	OK	 
RecordedSimulation	1527145288300645008-3	REQUEST		request_1 Redirect 2	1454601107144	1454601107261	1454601107276	1454601107292	OK	 
RecordedSimulation	1527145288300645008-4	REQUEST		request_1 Redirect 1	1454601106013	1454601107105	1454601107305	1454601107305	OK	 
RecordedSimulation	1527145288300645008-6	REQUEST		request_1 Redirect 2	1454601107150	1454601107263	1454601107297	1454601107306	OK	 
RecordedSimulation	1527145288300645008-0	REQUEST		request_1 Redirect 2	1454601107152	1454601107261	1454601107304	1454601107308	OK	 
RecordedSimulation	1527145288300645008-7	REQUEST		request_1 Redirect 2	1454601107221	1454601107263	1454601107318	1454601107321	OK	 
RecordedSimulation	1527145288300645008-9	REQUEST		request_1 Redirect 2	1454601107273	1454601107275	1454601107324	1454601107326	OK	 
RecordedSimulation	1527145288300645008-5	REQUEST		request_1 Redirect 2	1454601107294	1454601107304	1454601107345	1454601107347	OK	 
RecordedSimulation	1527145288300645008-4	REQUEST		request_1 Redirect 2	1454601107311	1454601107325	1454601107374	1454601107376	OK	 
RecordedSimulation	1527145288300645008-1	REQUEST		request_5	1454601111269	1454601111270	1454601111324	1454601111325	KO	status.find.in(200,304,201,202,203,204,205,206,207,208,209), but actually found 401
RecordedSimulation	1527145288300645008-8	REQUEST		request_5	1454601111270	1454601111272	1454601111325	1454601111325	KO	status.find.in(200,304,201,202,203,204,205,206,207,208,209), but actually found 401
RecordedSimulation	1527145288300645008-8	REQUEST		request_7	1454601111331	1454601111331	1454601111331	1454601111332	KO	java.net.ConnectException: http://http:80
RecordedSimulation	1527145288300645008-1	REQUEST		request_7	1454601111331	1454601111331	1454601111331	1454601111332	KO	java.net.ConnectException: http://http:80
RecordedSimulation	1527145288300645008-8	REQUEST		request_8	1454601111333	1454601111333	1454601111333	1454601111334	KO	java.net.ConnectException: http://http:80
RecordedSimulation	1527145288300645008-1	REQUEST		request_8	1454601111333	1454601111333	1454601111333	1454601111334	KO	java.net.ConnectException: http://http:80
RecordedSimulation	1527145288300645008-8	REQUEST		request_9	1454601111334	1454601111334	1454601111334	1454601111336	KO	java.net.ConnectException: http://http:80
RecordedSimulation	1527145288300645008-1	REQUEST		request_9	1454601111336	1454601111336	1454601111336	1454601111338	KO	java.net.ConnectException: http://http:80
RecordedSimulation	1527145288300645008-8	USER	END	1454601102447	1454601111350
RecordedSimulation	1527145288300645008-1	USER	END	1454601102446	1454601111353
RecordedSimulation	1527145288300645008-2	REQUEST		request_5	1454601111321	1454601111323	1454601111376	1454601111376	KO	status.find.in(200,304,201,202,203,204,205,206,207,208,209), but actually found 401
RecordedSimulation	1527145288300645008-3	REQUEST		request_5	1454601111319	1454601111322	1454601111379	1454601111379	KO	status.find.in(200,304,201,202,203,204,205,206,207,208,209), but actually found 401
RecordedSimulation	1527145288300645008-6	REQUEST		request_5	1454601111324	1454601111326	1454601111379	1454601111379	KO	status.find.in(200,304,201,202,203,204,205,206,207,208,209), but actually found 401
RecordedSimulation	1527145288300645008-2	REQUEST		request_7	1454601111382	1454601111382	1454601111382	1454601111383	KO	java.net.ConnectException: http://http:80
RecordedSimulation	1527145288300645008-2	REQUEST		request_8	1454601111384	1454601111384	1454601111384	1454601111386	KO	java.net.ConnectException: http://http:80
RecordedSimulation	1527145288300645008-3	REQUEST		request_7	1454601111386	1454601111386	1454601111386	1454601111387	KO	java.net.ConnectException: http://http:80
RecordedSimulation	1527145288300645008-2	REQUEST		request_9	1454601111386	1454601111386	1454601111386	1454601111388	KO	java.net.ConnectException: http://http:80
RecordedSimulation	1527145288300645008-6	REQUEST		request_7	1454601111386	1454601111386	1454601111386	1454601111387	KO	java.net.ConnectException: http://http:80
RecordedSimulation	1527145288300645008-6	REQUEST		request_8	1454601111388	1454601111388	1454601111388	1454601111388	KO	java.net.ConnectException: http://http:80
RecordedSimulation	1527145288300645008-3	REQUEST		request_8	1454601111388	1454601111388	1454601111388	1454601111389	KO	java.net.ConnectException: http://http:80
RecordedSimulation	1527145288300645008-3	REQUEST		request_9	1454601111389	1454601111389	1454601111389	1454601111390	KO	java.net.ConnectException: http://http:80
RecordedSimulation	1527145288300645008-6	REQUEST		request_9	1454601111389	1454601111389	1454601111389	1454601111390	KO	java.net.ConnectException: http://http:80
RecordedSimulation	1527145288300645008-2	USER	END	1454601102447	1454601111394
RecordedSimulation	1527145288300645008-0	REQUEST		request_5	1454601111326	1454601111329	1454601111393	1454601111393	KO	status.find.in(200,304,201,202,203,204,205,206,207,208,209), but actually found 401
RecordedSimulation	1527145288300645008-3	USER	END	1454601102447	1454601111401
RecordedSimulation	1527145288300645008-0	REQUEST		request_7	1454601111405	1454601111405	1454601111405	1454601111406	KO	java.net.ConnectException: http://http:80
RecordedSimulation	1527145288300645008-6	USER	END	1454601102447	1454601111408
RecordedSimulation	1527145288300645008-0	REQUEST		request_8	1454601111408	1454601111408	1454601111408	1454601111409	KO	java.net.ConnectException: http://http:80
RecordedSimulation	1527145288300645008-0	REQUEST		request_9	1454601111410	1454601111410	1454601111410	1454601111411	KO	java.net.ConnectException: http://http:80
RecordedSimulation	1527145288300645008-0	USER	END	1454601102438	1454601111414
RecordedSimulation	1527145288300645008-7	REQUEST		request_5	1454601111370	1454601111372	1454601111423	1454601111423	KO	status.find.in(200,304,201,202,203,204,205,206,207,208,209), but actually found 401
RecordedSimulation	1527145288300645008-5	REQUEST		request_5	1454601111373	1454601111374	1454601111427	1454601111427	KO	status.find.in(200,304,201,202,203,204,205,206,207,208,209), but actually found 401
RecordedSimulation	1527145288300645008-9	REQUEST		request_5	1454601111371	1454601111373	1454601111428	1454601111428	KO	status.find.in(200,304,201,202,203,204,205,206,207,208,209), but actually found 401
RecordedSimulation	1527145288300645008-7	REQUEST		request_8	1454601111430	1454601111430	1454601111430	1454601111431	KO	java.net.ConnectException: http://http:80
RecordedSimulation	1527145288300645008-7	REQUEST		request_7	1454601111428	1454601111428	1454601111428	1454601111429	KO	java.net.ConnectException: http://http:80
RecordedSimulation	1527145288300645008-7	REQUEST		request_9	1454601111433	1454601111433	1454601111433	1454601111435	KO	java.net.ConnectException: http://http:80
RecordedSimulation	1527145288300645008-9	REQUEST		request_7	1454601111436	1454601111436	1454601111436	1454601111437	KO	java.net.ConnectException: http://http:80
RecordedSimulation	1527145288300645008-7	USER	END	1454601102447	1454601111441
RecordedSimulation	1527145288300645008-5	REQUEST		request_8	1454601111438	1454601111438	1454601111438	1454601111440	KO	java.net.ConnectException: http://http:80
RecordedSimulation	1527145288300645008-5	REQUEST		request_9	1454601111441	1454601111441	1454601111441	1454601111442	KO	java.net.ConnectException: http://http:80
RecordedSimulation	1527145288300645008-5	REQUEST		request_7	1454601111435	1454601111435	1454601111435	1454601111437	KO	java.net.ConnectException: http://http:80
RecordedSimulation	1527145288300645008-9	REQUEST		request_8	1454601111438	1454601111438	1454601111438	1454601111444	KO	java.net.ConnectException: http://http:80
RecordedSimulation	1527145288300645008-5	USER	END	1454601102447	1454601111447
RecordedSimulation	1527145288300645008-9	REQUEST		request_9	1454601111445	1454601111445	1454601111445	1454601111447	KO	java.net.ConnectException: http://http:80
RecordedSimulation	1527145288300645008-9	USER	END	1454601102447	1454601111452
RecordedSimulation	1527145288300645008-4	REQUEST		request_5	1454601111419	1454601111421	1454601111479	1454601111479	KO	status.find.in(200,304,201,202,203,204,205,206,207,208,209), but actually found 401
RecordedSimulation	1527145288300645008-4	REQUEST		request_7	1454601111485	1454601111485	1454601111485	1454601111487	KO	java.net.ConnectException: http://http:80
RecordedSimulation	1527145288300645008-4	REQUEST		request_8	1454601111488	1454601111488	1454601111488	1454601111490	KO	java.net.ConnectException: http://http:80
RecordedSimulation	1527145288300645008-4	REQUEST		request_9	1454601111491	1454601111491	1454601111491	1454601111493	KO	java.net.ConnectException: http://http:80
RecordedSimulation	1527145288300645008-4	USER	END	1454601102447	1454601111501
