default.RecordedSimulation	recordedsimulation	RUN	1454946112770	recordedsimulation	2.0
RecordedSimulation	7775538513777439385-0	USER	START	1454946113650	0
RecordedSimulation	7775538513777439385-1	USER	START	1454946113658	0
RecordedSimulation	7775538513777439385-2	USER	START	1454946113659	0
RecordedSimulation	7775538513777439385-3	USER	START	1454946113659	0
RecordedSimulation	7775538513777439385-4	USER	START	1454946113659	0
RecordedSimulation	7775538513777439385-5	USER	START	1454946113659	0
RecordedSimulation	7775538513777439385-6	USER	START	1454946113659	0
RecordedSimulation	7775538513777439385-7	USER	START	1454946113659	0
RecordedSimulation	7775538513777439385-8	USER	START	1454946113659	0
RecordedSimulation	7775538513777439385-9	USER	START	1454946113659	0
RecordedSimulation	7775538513777439385-0	REQUEST		request_0	1454946113750	1454946113904	1454946114040	1454946114040	OK	 
RecordedSimulation	7775538513777439385-2	REQUEST		request_0	1454946113781	1454946113929	1454946114065	1454946114065	OK	 
RecordedSimulation	7775538513777439385-1	REQUEST		request_0	1454946113770	1454946113907	1454946114035	1454946114036	OK	 
RecordedSimulation	7775538513777439385-3	REQUEST		request_0	1454946113793	1454946113937	1454946114071	1454946114071	OK	 
RecordedSimulation	7775538513777439385-5	REQUEST		request_0	1454946113814	1454946113959	1454946114095	1454946114095	OK	 
RecordedSimulation	7775538513777439385-7	REQUEST		request_0	1454946113835	1454946113971	1454946114100	1454946114100	OK	 
RecordedSimulation	7775538513777439385-4	REQUEST		request_0	1454946113804	1454946113949	1454946114101	1454946114101	OK	 
RecordedSimulation	7775538513777439385-6	REQUEST		request_0	1454946113824	1454946113967	1454946114107	1454946114107	OK	 
RecordedSimulation	7775538513777439385-9	REQUEST		request_0	1454946113856	1454946113993	1454946114121	1454946114121	OK	 
RecordedSimulation	7775538513777439385-8	REQUEST		request_0	1454946113845	1454946113988	1454946114126	1454946114126	OK	 
RecordedSimulation	7775538513777439385-5	REQUEST		request_0 Redirect 1	1454946114101	1454946114149	1454946114179	1454946130848	OK	 
RecordedSimulation	7775538513777439385-3	REQUEST		request_0 Redirect 1	1454946114075	1454946114152	1454946114182	1454946131084	OK	 
RecordedSimulation	7775538513777439385-5	REQUEST		request_1 Redirect 1	1454946131051	1454946131053	1454946131091	1454946131091	OK	 
RecordedSimulation	7775538513777439385-3	REQUEST		request_1 Redirect 1	1454946131088	1454946131090	1454946131165	1454946131165	OK	 
RecordedSimulation	7775538513777439385-5	REQUEST		request_2	1454946132241	1454946132241	1454946132241	1454946132241	KO	file RecordedSimulation_0002_request.txt doesn't exist
RecordedSimulation	7775538513777439385-0	REQUEST		request_0 Redirect 1	1454946114075	1454946114144	1454946114203	1454946132237	OK	 
RecordedSimulation	7775538513777439385-3	REQUEST		request_2	1454946132282	1454946132282	1454946132282	1454946132282	KO	file RecordedSimulation_0002_request.txt doesn't exist
RecordedSimulation	7775538513777439385-0	REQUEST		request_1 Redirect 1	1454946132244	1454946132254	1454946132289	1454946132290	OK	 
RecordedSimulation	7775538513777439385-9	REQUEST		request_0 Redirect 1	1454946114122	1454946114155	1454946114301	1454946132710	OK	 
RecordedSimulation	7775538513777439385-9	REQUEST		request_1 Redirect 1	1454946132715	1454946132717	1454946132757	1454946132757	OK	 
RecordedSimulation	7775538513777439385-6	REQUEST		request_0 Redirect 1	1454946114110	1454946114150	1454946114175	1454946133037	OK	 
RecordedSimulation	7775538513777439385-6	REQUEST		request_1 Redirect 1	1454946133042	1454946133044	1454946133105	1454946133105	OK	 
RecordedSimulation	7775538513777439385-8	REQUEST		request_0 Redirect 1	1454946114128	1454946114155	1454946114188	1454946133246	OK	 
RecordedSimulation	7775538513777439385-8	REQUEST		request_1 Redirect 1	1454946133250	1454946133253	1454946133275	1454946133275	OK	 
RecordedSimulation	7775538513777439385-0	REQUEST		request_2	1454946133407	1454946133407	1454946133407	1454946133407	KO	file RecordedSimulation_0002_request.txt doesn't exist
RecordedSimulation	7775538513777439385-7	REQUEST		request_0 Redirect 1	1454946114103	1454946114142	1454946114197	1454946133611	OK	 
RecordedSimulation	7775538513777439385-9	REQUEST		request_2	1454946133807	1454946133807	1454946133807	1454946133807	KO	file RecordedSimulation_0002_request.txt doesn't exist
RecordedSimulation	7775538513777439385-6	REQUEST		request_2	1454946134207	1454946134207	1454946134207	1454946134207	KO	file RecordedSimulation_0002_request.txt doesn't exist
RecordedSimulation	7775538513777439385-8	REQUEST		request_2	1454946134357	1454946134357	1454946134357	1454946134357	KO	file RecordedSimulation_0002_request.txt doesn't exist
RecordedSimulation	7775538513777439385-7	REQUEST		request_1 Redirect 1	1454946133614	1454946133616	1454946134418	1454946134418	OK	 
RecordedSimulation	7775538513777439385-3	REQUEST		request_3	1454946134425	1454946134485	1454946134537	1454946134537	KO	status.find.is(401), but actually found 200
RecordedSimulation	7775538513777439385-5	REQUEST		request_3	1454946134258	1454946134482	1454946134540	1454946134540	KO	status.find.is(401), but actually found 200
RecordedSimulation	7775538513777439385-3	REQUEST		modernizr.js	1454946134746	1454946134810	1454946134867	1454946135023	OK	 
RecordedSimulation	7775538513777439385-5	REQUEST		modernizr.js	1454946134745	1454946134812	1454946134871	1454946135065	OK	 
RecordedSimulation	7775538513777439385-3	REQUEST		main.css	1454946134743	1454946134746	1454946134801	1454946135171	OK	 
RecordedSimulation	7775538513777439385-3	REQUEST		main.js	1454946134767	1454946134834	1454946134896	1454946135178	OK	 
RecordedSimulation	7775538513777439385-5	REQUEST		main.js	1454946134767	1454946134832	1454946134892	1454946135181	OK	 
RecordedSimulation	7775538513777439385-5	REQUEST		main.css	1454946134743	1454946134745	1454946134806	1454946135196	OK	 
RecordedSimulation	7775538513777439385-5	REQUEST		vendor.js	1454946134757	1454946134820	1454946134877	1454946135476	OK	 
RecordedSimulation	7775538513777439385-3	REQUEST		vendor.js	1454946134757	1454946134822	1454946134880	1454946135505	OK	 
RecordedSimulation	7775538513777439385-7	REQUEST		request_2	1454946135525	1454946135525	1454946135525	1454946135525	KO	file RecordedSimulation_0002_request.txt doesn't exist
RecordedSimulation	7775538513777439385-0	REQUEST		request_3	1454946135454	1454946135520	1454946135580	1454946135580	KO	status.find.is(401), but actually found 200
RecordedSimulation	7775538513777439385-0	REQUEST		modernizr.js	1454946135586	1454946135590	1454946135662	1454946135757	OK	 
RecordedSimulation	7775538513777439385-0	REQUEST		main.js	1454946135590	1454946135592	1454946135666	1454946135774	OK	 
RecordedSimulation	7775538513777439385-0	REQUEST		main.css	1454946135584	1454946135587	1454946135654	1454946136012	OK	 
RecordedSimulation	7775538513777439385-9	REQUEST		request_3	1454946135907	1454946135979	1454946136036	1454946136036	KO	status.find.is(401), but actually found 200
RecordedSimulation	7775538513777439385-9	REQUEST		modernizr.js	1454946136044	1454946136046	1454946136105	1454946136210	OK	 
RecordedSimulation	7775538513777439385-0	REQUEST		vendor.js	1454946135589	1454946135591	1454946135677	1454946136228	OK	 
RecordedSimulation	7775538513777439385-6	REQUEST		request_3	1454946136254	1454946136339	1454946136405	1454946136405	KO	status.find.is(401), but actually found 200
RecordedSimulation	7775538513777439385-9	REQUEST		main.css	1454946136041	1454946136043	1454946136103	1454946136423	OK	 
RecordedSimulation	7775538513777439385-9	REQUEST		main.js	1454946136048	1454946136121	1454946136180	1454946136455	OK	 
RecordedSimulation	7775538513777439385-9	REQUEST		vendor.js	1454946136047	1454946136048	1454946136109	1454946136501	OK	 
RecordedSimulation	7775538513777439385-5	REQUEST		request_4	1454946136525	1454946136525	1454946136525	1454946136525	KO	file RecordedSimulation_0004_request.txt doesn't exist
RecordedSimulation	7775538513777439385-3	REQUEST		request_4	1454946136526	1454946136526	1454946136526	1454946136526	KO	file RecordedSimulation_0004_request.txt doesn't exist
RecordedSimulation	7775538513777439385-6	REQUEST		modernizr.js	1454946136412	1454946136414	1454946136481	1454946136538	OK	 
RecordedSimulation	7775538513777439385-8	REQUEST		request_3	1454946136407	1454946136525	1454946136580	1454946136580	KO	status.find.is(401), but actually found 200
RecordedSimulation	7775538513777439385-6	REQUEST		main.js	1454946136440	1454946136442	1454946136506	1454946136616	OK	 
RecordedSimulation	7775538513777439385-6	REQUEST		main.css	1454946136409	1454946136411	1454946136479	1454946136693	OK	 
RecordedSimulation	7775538513777439385-8	REQUEST		modernizr.js	1454946136585	1454946136586	1454946136645	1454946136696	OK	 
RecordedSimulation	7775538513777439385-8	REQUEST		main.css	1454946136584	1454946136585	1454946136651	1454946136918	OK	 
RecordedSimulation	7775538513777439385-8	REQUEST		vendor.js	1454946136587	1454946136588	1454946136654	1454946136949	OK	 
RecordedSimulation	7775538513777439385-8	REQUEST		main.js	1454946136588	1454946136664	1454946136722	1454946137004	OK	 
RecordedSimulation	7775538513777439385-0	REQUEST		request_4	1454946137154	1454946137154	1454946137154	1454946137154	KO	file RecordedSimulation_0004_request.txt doesn't exist
RecordedSimulation	7775538513777439385-6	REQUEST		vendor.js	1454946136414	1454946136505	1454946136579	1454946137265	OK	 
RecordedSimulation	7775538513777439385-9	REQUEST		request_4	1454946137456	1454946137456	1454946137456	1454946137456	KO	file RecordedSimulation_0004_request.txt doesn't exist
RecordedSimulation	7775538513777439385-7	REQUEST		request_3	1454946137506	1454946137576	1454946137630	1454946137631	KO	status.find.is(401), but actually found 200
RecordedSimulation	7775538513777439385-7	REQUEST		modernizr.js	1454946137636	1454946137638	1454946137700	1454946137806	OK	 
RecordedSimulation	7775538513777439385-7	REQUEST		main.js	1454946137639	1454946137641	1454946137706	1454946137878	OK	 
RecordedSimulation	7775538513777439385-7	REQUEST		main.css	1454946137635	1454946137636	1454946137690	1454946137943	OK	 
RecordedSimulation	7775538513777439385-8	REQUEST		request_4	1454946138008	1454946138008	1454946138008	1454946138008	KO	file RecordedSimulation_0004_request.txt doesn't exist
RecordedSimulation	7775538513777439385-7	REQUEST		vendor.js	1454946137638	1454946137639	1454946137714	1454946138043	OK	 
RecordedSimulation	7775538513777439385-6	REQUEST		request_4	1454946138308	1454946138308	1454946138308	1454946138308	KO	file RecordedSimulation_0004_request.txt doesn't exist
RecordedSimulation	7775538513777439385-7	REQUEST		request_4	1454946139008	1454946139008	1454946139008	1454946139008	KO	file RecordedSimulation_0004_request.txt doesn't exist
RecordedSimulation	7775538513777439385-5	REQUEST		request_7	1454946144508	1454946144508	1454946144508	1454946144508	KO	file RecordedSimulation_0007_request.txt doesn't exist
RecordedSimulation	7775538513777439385-3	REQUEST		request_7	1454946144508	1454946144508	1454946144508	1454946144508	KO	file RecordedSimulation_0007_request.txt doesn't exist
RecordedSimulation	7775538513777439385-5	USER	END	1454946113659	1454946144523
RecordedSimulation	7775538513777439385-3	USER	END	1454946113659	1454946144527
RecordedSimulation	7775538513777439385-0	REQUEST		request_7	1454946145156	1454946145156	1454946145156	1454946145156	KO	file RecordedSimulation_0007_request.txt doesn't exist
RecordedSimulation	7775538513777439385-0	USER	END	1454946113650	1454946145158
RecordedSimulation	7775538513777439385-9	REQUEST		request_7	1454946145506	1454946145506	1454946145506	1454946145506	KO	file RecordedSimulation_0007_request.txt doesn't exist
RecordedSimulation	7775538513777439385-9	USER	END	1454946113659	1454946145508
RecordedSimulation	7775538513777439385-8	REQUEST		request_7	1454946146006	1454946146006	1454946146006	1454946146006	KO	file RecordedSimulation_0007_request.txt doesn't exist
RecordedSimulation	7775538513777439385-8	USER	END	1454946113659	1454946146008
RecordedSimulation	7775538513777439385-6	REQUEST		request_7	1454946146356	1454946146356	1454946146356	1454946146356	KO	file RecordedSimulation_0007_request.txt doesn't exist
RecordedSimulation	7775538513777439385-6	USER	END	1454946113659	1454946146358
RecordedSimulation	7775538513777439385-7	REQUEST		request_7	1454946147104	1454946147104	1454946147104	1454946147104	KO	file RecordedSimulation_0007_request.txt doesn't exist
RecordedSimulation	7775538513777439385-7	USER	END	1454946113659	1454946147106
RecordedSimulation	7775538513777439385-1	REQUEST		request_0 Redirect 1	1454946114075	1454946114142	1454946114190	1454946149781	OK	 
RecordedSimulation	7775538513777439385-1	REQUEST		request_1 Redirect 1	1454946149784	1454946149786	1454946149800	1454946149800	OK	 
RecordedSimulation	7775538513777439385-1	REQUEST		request_2	1454946150855	1454946150855	1454946150855	1454946150855	KO	file RecordedSimulation_0002_request.txt doesn't exist
RecordedSimulation	7775538513777439385-1	REQUEST		request_3	1454946152907	1454946153028	1454946153082	1454946153083	KO	status.find.is(401), but actually found 200
RecordedSimulation	7775538513777439385-1	REQUEST		modernizr.js	1454946153103	1454946153172	1454946153230	1454946153345	OK	 
RecordedSimulation	7775538513777439385-1	REQUEST		main.js	1454946153134	1454946153209	1454946153265	1454946153430	OK	 
RecordedSimulation	7775538513777439385-1	REQUEST		main.css	1454946153088	1454946153160	1454946153218	1454946153502	OK	 
RecordedSimulation	7775538513777439385-1	REQUEST		vendor.js	1454946153116	1454946153186	1454946153241	1454946153663	OK	 
RecordedSimulation	7775538513777439385-1	REQUEST		request_4	1454946154657	1454946154657	1454946154657	1454946154657	KO	file RecordedSimulation_0004_request.txt doesn't exist
RecordedSimulation	7775538513777439385-1	REQUEST		request_7	1454946162706	1454946162706	1454946162706	1454946162706	KO	file RecordedSimulation_0007_request.txt doesn't exist
RecordedSimulation	7775538513777439385-1	USER	END	1454946113658	1454946162708
RecordedSimulation	7775538513777439385-4	REQUEST		request_0 Redirect 1	1454946114108	1454946114150	1454946114191	1454946174159	KO	java.util.concurrent.TimeoutException: Request timed out to download.cdn.mozilla.net/54.192.99.87:80 of 60000 ms
RecordedSimulation	7775538513777439385-2	REQUEST		request_0 Redirect 1	1454946114076	1454946114152	1454946114467	1454946174167	KO	java.util.concurrent.TimeoutException: Request timed out to download.cdn.mozilla.net/54.192.99.87:80 of 60000 ms
RecordedSimulation	7775538513777439385-2	REQUEST		request_1 Redirect 1	1454946174169	1454946174247	1454946174285	1454946174369	OK	 
RecordedSimulation	7775538513777439385-4	REQUEST		request_1 Redirect 1	1454946174170	1454946174246	1454946174268	1454946174395	OK	 
RecordedSimulation	7775538513777439385-2	REQUEST		request_2	1454946175456	1454946175456	1454946175456	1454946175456	KO	file RecordedSimulation_0002_request.txt doesn't exist
RecordedSimulation	7775538513777439385-4	REQUEST		request_2	1454946175457	1454946175457	1454946175457	1454946175457	KO	file RecordedSimulation_0002_request.txt doesn't exist
RecordedSimulation	7775538513777439385-4	REQUEST		request_3	1454946177507	1454946177576	1454946177634	1454946177634	KO	status.find.is(401), but actually found 200
RecordedSimulation	7775538513777439385-2	REQUEST		request_3	1454946177523	1454946177586	1454946177639	1454946177639	KO	status.find.is(401), but actually found 200
RecordedSimulation	7775538513777439385-4	REQUEST		modernizr.js	1454946177639	1454946177640	1454946177699	1454946177800	OK	 
RecordedSimulation	7775538513777439385-4	REQUEST		main.js	1454946177641	1454946177643	1454946177702	1454946177813	OK	 
RecordedSimulation	7775538513777439385-2	REQUEST		modernizr.js	1454946177653	1454946177726	1454946177786	1454946177897	OK	 
RecordedSimulation	7775538513777439385-4	REQUEST		main.css	1454946177638	1454946177639	1454946177706	1454946177955	OK	 
RecordedSimulation	7775538513777439385-2	REQUEST		main.js	1454946177673	1454946177747	1454946177807	1454946177975	OK	 
RecordedSimulation	7775538513777439385-4	REQUEST		vendor.js	1454946177640	1454946177641	1454946177708	1454946177991	OK	 
RecordedSimulation	7775538513777439385-2	REQUEST		main.css	1454946177643	1454946177717	1454946177776	1454946178062	OK	 
RecordedSimulation	7775538513777439385-2	REQUEST		vendor.js	1454946177663	1454946177728	1454946177787	1454946178232	OK	 
RecordedSimulation	7775538513777439385-4	REQUEST		request_4	1454946178956	1454946178956	1454946178956	1454946178956	KO	file RecordedSimulation_0004_request.txt doesn't exist
RecordedSimulation	7775538513777439385-2	REQUEST		request_4	1454946179204	1454946179204	1454946179204	1454946179204	KO	file RecordedSimulation_0004_request.txt doesn't exist
RecordedSimulation	7775538513777439385-4	REQUEST		request_7	1454946187004	1454946187004	1454946187004	1454946187004	KO	file RecordedSimulation_0007_request.txt doesn't exist
RecordedSimulation	7775538513777439385-4	USER	END	1454946113659	1454946187005
RecordedSimulation	7775538513777439385-2	REQUEST		request_7	1454946187258	1454946187258	1454946187258	1454946187258	KO	file RecordedSimulation_0007_request.txt doesn't exist
RecordedSimulation	7775538513777439385-2	USER	END	1454946113659	1454946187260
