default.RecordedSimulation	recordedsimulation	RUN	1454945656101	recordedsimulation	2.0
RecordedSimulation	2704633598604588589-0	USER	START	1454945657037	0
RecordedSimulation	2704633598604588589-1	USER	START	1454945657044	0
RecordedSimulation	2704633598604588589-2	USER	START	1454945657044	0
RecordedSimulation	2704633598604588589-3	USER	START	1454945657044	0
RecordedSimulation	2704633598604588589-4	USER	START	1454945657044	0
RecordedSimulation	2704633598604588589-5	USER	START	1454945657044	0
RecordedSimulation	2704633598604588589-6	USER	START	1454945657044	0
RecordedSimulation	2704633598604588589-7	USER	START	1454945657044	0
RecordedSimulation	2704633598604588589-8	USER	START	1454945657044	0
RecordedSimulation	2704633598604588589-9	USER	START	1454945657045	0
RecordedSimulation	2704633598604588589-9	REQUEST		request_0	1454945657403	1454945657467	1454945657520	1454945657520	KO	status.find.in(200,304,201,202,203,204,205,206,207,208,209), but actually found 401
RecordedSimulation	2704633598604588589-5	REQUEST		request_0	1454945657357	1454945657424	1454945657481	1454945657481	KO	status.find.in(200,304,201,202,203,204,205,206,207,208,209), but actually found 401
RecordedSimulation	2704633598604588589-3	REQUEST		request_0	1454945657336	1454945657404	1454945657460	1454945657460	KO	status.find.in(200,304,201,202,203,204,205,206,207,208,209), but actually found 401
RecordedSimulation	2704633598604588589-4	REQUEST		request_0	1454945657347	1454945657410	1454945657462	1454945657462	KO	status.find.in(200,304,201,202,203,204,205,206,207,208,209), but actually found 401
RecordedSimulation	2704633598604588589-0	REQUEST		request_0	1454945657114	1454945657363	1454945657414	1454945657416	KO	status.find.in(200,304,201,202,203,204,205,206,207,208,209), but actually found 401
RecordedSimulation	2704633598604588589-7	REQUEST		request_0	1454945657379	1454945657454	1454945657512	1454945657512	KO	status.find.in(200,304,201,202,203,204,205,206,207,208,209), but actually found 401
RecordedSimulation	2704633598604588589-6	REQUEST		request_0	1454945657367	1454945657431	1454945657483	1454945657483	KO	status.find.in(200,304,201,202,203,204,205,206,207,208,209), but actually found 401
RecordedSimulation	2704633598604588589-1	REQUEST		request_0	1454945657312	1454945657381	1454945657446	1454945657446	KO	status.find.in(200,304,201,202,203,204,205,206,207,208,209), but actually found 401
RecordedSimulation	2704633598604588589-2	REQUEST		request_0	1454945657325	1454945657392	1454945657448	1454945657448	KO	status.find.in(200,304,201,202,203,204,205,206,207,208,209), but actually found 401
RecordedSimulation	2704633598604588589-8	REQUEST		request_0	1454945657390	1454945657460	1454945657512	1454945657512	KO	status.find.in(200,304,201,202,203,204,205,206,207,208,209), but actually found 401
RecordedSimulation	2704633598604588589-6	REQUEST		request_2	1454945657693	1454945657714	1454945657775	1454945657776	OK	 
RecordedSimulation	2704633598604588589-8	REQUEST		request_2	1454945657688	1454945657716	1454945657773	1454945657774	OK	 
RecordedSimulation	2704633598604588589-4	REQUEST		request_2	1454945657707	1454945657715	1454945657777	1454945657777	OK	 
RecordedSimulation	2704633598604588589-0	REQUEST		request_2	1454945657704	1454945657721	1454945657780	1454945657780	OK	 
RecordedSimulation	2704633598604588589-7	REQUEST		request_2	1454945657688	1454945657715	1454945657779	1454945657779	OK	 
RecordedSimulation	2704633598604588589-9	REQUEST		request_2	1454945657699	1454945657715	1454945657776	1454945657776	OK	 
RecordedSimulation	2704633598604588589-5	REQUEST		request_2	1454945657707	1454945657715	1454945657773	1454945657774	OK	 
RecordedSimulation	2704633598604588589-1	REQUEST		request_2	1454945657705	1454945657718	1454945657781	1454945657781	OK	 
RecordedSimulation	2704633598604588589-3	REQUEST		request_2	1454945657705	1454945657718	1454945657783	1454945657783	OK	 
RecordedSimulation	2704633598604588589-2	REQUEST		request_2	1454945657688	1454945657693	1454945657776	1454945657776	OK	 
RecordedSimulation	2704633598604588589-2	REQUEST		request_3	1454945657691	1454945657790	1454945657861	1454945657861	KO	status.find.in(200,304,201,202,203,204,205,206,207,208,209), but actually found 404
RecordedSimulation	2704633598604588589-3	REQUEST		request_3	1454945657707	1454945657815	1454945657865	1454945657865	KO	status.find.in(200,304,201,202,203,204,205,206,207,208,209), but actually found 404
RecordedSimulation	2704633598604588589-1	REQUEST		request_3	1454945657706	1454945657810	1454945657889	1454945657889	KO	status.find.in(200,304,201,202,203,204,205,206,207,208,209), but actually found 404
RecordedSimulation	2704633598604588589-4	REQUEST		request_3	1454945657709	1454945657811	1454945657891	1454945657891	KO	status.find.in(200,304,201,202,203,204,205,206,207,208,209), but actually found 404
RecordedSimulation	2704633598604588589-6	REQUEST		request_3	1454945657695	1454945657811	1454945657890	1454945657890	KO	status.find.in(200,304,201,202,203,204,205,206,207,208,209), but actually found 404
RecordedSimulation	2704633598604588589-7	REQUEST		request_3	1454945657694	1454945657815	1454945657895	1454945657895	KO	status.find.in(200,304,201,202,203,204,205,206,207,208,209), but actually found 404
RecordedSimulation	2704633598604588589-2	REQUEST		request_1	1454945657748	1454945657893	1454945657958	1454945657958	OK	 
RecordedSimulation	2704633598604588589-9	REQUEST		request_3	1454945657701	1454945657866	1454945658016	1454945658016	KO	status.find.in(200,304,201,202,203,204,205,206,207,208,209), but actually found 404
RecordedSimulation	2704633598604588589-8	REQUEST		request_3	1454945657694	1454945657861	1454945658038	1454945658038	KO	status.find.in(200,304,201,202,203,204,205,206,207,208,209), but actually found 404
RecordedSimulation	2704633598604588589-5	REQUEST		request_1	1454945657759	1454945657925	1454945658084	1454945658085	OK	 
RecordedSimulation	2704633598604588589-5	REQUEST		request_3	1454945657710	1454945657873	1454945658052	1454945658052	KO	status.find.in(200,304,201,202,203,204,205,206,207,208,209), but actually found 404
RecordedSimulation	2704633598604588589-6	REQUEST		request_1	1454945657771	1454945657916	1454945658077	1454945658077	OK	 
RecordedSimulation	2704633598604588589-0	REQUEST		request_3	1454945657706	1454945657862	1454945658013	1454945658013	KO	status.find.in(200,304,201,202,203,204,205,206,207,208,209), but actually found 404
RecordedSimulation	2704633598604588589-4	REQUEST		request_4	1454945657732	1454945657837	1454945657905	1454945658165	OK	 
RecordedSimulation	2704633598604588589-7	REQUEST		request_1	1454945657750	1454945657927	1454945658167	1454945658167	OK	 
RecordedSimulation	2704633598604588589-0	REQUEST		request_1	1454945657788	1454945657924	1454945658181	1454945658181	OK	 
RecordedSimulation	2704633598604588589-4	REQUEST		request_1	1454945657748	1454945657923	1454945658182	1454945658182	OK	 
RecordedSimulation	2704633598604588589-9	REQUEST		request_4	1454945657748	1454945657853	1454945658000	1454945658208	OK	 
RecordedSimulation	2704633598604588589-1	REQUEST		request_1	1454945657756	1454945657926	1454945658223	1454945658223	OK	 
RecordedSimulation	2704633598604588589-1	REQUEST		request_4	1454945657732	1454945657866	1454945658032	1454945658210	OK	 
RecordedSimulation	2704633598604588589-8	REQUEST		request_4	1454945657737	1454945657839	1454945657964	1454945658230	OK	 
RecordedSimulation	2704633598604588589-3	REQUEST		request_1	1454945657755	1454945657922	1454945658094	1454945658094	OK	 
RecordedSimulation	2704633598604588589-2	REQUEST		request_4	1454945657728	1454945657855	1454945657926	1454945658259	OK	 
RecordedSimulation	2704633598604588589-8	REQUEST		request_1	1454945657752	1454945657926	1454945658205	1454945658206	OK	 
RecordedSimulation	2704633598604588589-5	REQUEST		request_4	1454945657736	1454945657859	1454945657994	1454945658250	OK	 
RecordedSimulation	2704633598604588589-6	REQUEST		request_4	1454945657739	1454945657883	1454945658039	1454945658273	OK	 
RecordedSimulation	2704633598604588589-7	REQUEST		request_4	1454945657733	1454945657885	1454945658062	1454945658280	OK	 
RecordedSimulation	2704633598604588589-9	REQUEST		request_1	1454945657763	1454945657923	1454945658246	1454945658246	OK	 
RecordedSimulation	2704633598604588589-3	REQUEST		request_4	1454945657736	1454945657840	1454945658012	1454945658237	OK	 
RecordedSimulation	2704633598604588589-0	REQUEST		request_4	1454945657744	1454945657883	1454945658069	1454945658276	OK	 
RecordedSimulation	2704633598604588589-1	REQUEST		request_1 Redirect 1	1454945658241	1454945659260	1454945659281	1454945659281	OK	 
RecordedSimulation	2704633598604588589-6	REQUEST		request_1 Redirect 1	1454945658171	1454945659265	1454945659287	1454945659287	OK	 
RecordedSimulation	2704633598604588589-4	REQUEST		request_1 Redirect 1	1454945658195	1454945659265	1454945659313	1454945659313	OK	 
RecordedSimulation	2704633598604588589-5	REQUEST		request_1 Redirect 1	1454945658093	1454945659264	1454945659314	1454945659314	OK	 
RecordedSimulation	2704633598604588589-2	REQUEST		request_1 Redirect 1	1454945657980	1454945659266	1454945659313	1454945659313	OK	 
RecordedSimulation	2704633598604588589-7	REQUEST		request_1 Redirect 1	1454945658174	1454945659276	1454945659311	1454945659311	OK	 
RecordedSimulation	2704633598604588589-3	REQUEST		request_1 Redirect 1	1454945658246	1454945659271	1454945659323	1454945659323	OK	 
RecordedSimulation	2704633598604588589-0	REQUEST		request_1 Redirect 1	1454945658193	1454945659324	1454945659347	1454945659347	OK	 
RecordedSimulation	2704633598604588589-6	REQUEST		request_1 Redirect 2	1454945659294	1454945659315	1454945659337	1454945659405	OK	 
RecordedSimulation	2704633598604588589-3	REQUEST		request_1 Redirect 2	1454945659325	1454945659330	1454945659405	1454945659407	OK	 
RecordedSimulation	2704633598604588589-4	REQUEST		request_1 Redirect 2	1454945659317	1454945659324	1454945659405	1454945659408	OK	 
RecordedSimulation	2704633598604588589-1	REQUEST		request_1 Redirect 2	1454945659290	1454945659314	1454945659337	1454945659412	OK	 
RecordedSimulation	2704633598604588589-8	REQUEST		request_1 Redirect 1	1454945658965	1454945659343	1454945659422	1454945659422	OK	 
RecordedSimulation	2704633598604588589-9	REQUEST		request_1 Redirect 1	1454945659022	1454945659345	1454945659431	1454945659431	OK	 
RecordedSimulation	2704633598604588589-2	REQUEST		request_1 Redirect 2	1454945659326	1454945659331	1454945659425	1454945659434	OK	 
RecordedSimulation	2704633598604588589-7	REQUEST		request_1 Redirect 2	1454945659325	1454945659331	1454945659431	1454945659434	OK	 
RecordedSimulation	2704633598604588589-5	REQUEST		request_1 Redirect 2	1454945659317	1454945659325	1454945659429	1454945659434	OK	 
RecordedSimulation	2704633598604588589-0	REQUEST		request_1 Redirect 2	1454945659349	1454945659398	1454945659447	1454945659450	OK	 
RecordedSimulation	2704633598604588589-6	USER	END	1454945657044	1454945659463
RecordedSimulation	2704633598604588589-3	USER	END	1454945657044	1454945659468
RecordedSimulation	2704633598604588589-1	USER	END	1454945657044	1454945659472
RecordedSimulation	2704633598604588589-4	USER	END	1454945657044	1454945659479
RecordedSimulation	2704633598604588589-9	REQUEST		request_1 Redirect 2	1454945659433	1454945659444	1454945659475	1454945659476	OK	 
RecordedSimulation	2704633598604588589-7	USER	END	1454945657044	1454945659483
RecordedSimulation	2704633598604588589-2	USER	END	1454945657044	1454945659486
RecordedSimulation	2704633598604588589-5	USER	END	1454945657044	1454945659491
RecordedSimulation	2704633598604588589-8	REQUEST		request_1 Redirect 2	1454945659425	1454945659433	1454945659483	1454945659490	OK	 
RecordedSimulation	2704633598604588589-0	USER	END	1454945657037	1454945659495
RecordedSimulation	2704633598604588589-9	USER	END	1454945657045	1454945659501
RecordedSimulation	2704633598604588589-8	USER	END	1454945657044	1454945659505
