default.RecordedSimulation	recordedsimulation	RUN	1454601030445	recordedsimulation	2.0
RecordedSimulation	3461884382218044591-0	USER	START	1454601032205	0
RecordedSimulation	3461884382218044591-1	USER	START	1454601032212	0
RecordedSimulation	3461884382218044591-2	USER	START	1454601032212	0
RecordedSimulation	3461884382218044591-3	USER	START	1454601032212	0
RecordedSimulation	3461884382218044591-4	USER	START	1454601032212	0
RecordedSimulation	3461884382218044591-5	USER	START	1454601032212	0
RecordedSimulation	3461884382218044591-6	USER	START	1454601032212	0
RecordedSimulation	3461884382218044591-7	USER	START	1454601032212	0
RecordedSimulation	3461884382218044591-8	USER	START	1454601032212	0
RecordedSimulation	3461884382218044591-9	USER	START	1454601032212	0
RecordedSimulation	3461884382218044591-3	REQUEST		request_0	1454601032311	1454601032373	1454601032437	1454601032437	KO	status.find.in(200,304,201,202,203,204,205,206,207,208,209), but actually found 401
RecordedSimulation	3461884382218044591-7	REQUEST		request_0	1454601032355	1454601032439	1454601032517	1454601032517	KO	status.find.in(200,304,201,202,203,204,205,206,207,208,209), but actually found 401
RecordedSimulation	3461884382218044591-4	REQUEST		request_0	1454601032321	1454601032386	1454601032442	1454601032442	KO	status.find.in(200,304,201,202,203,204,205,206,207,208,209), but actually found 401
RecordedSimulation	3461884382218044591-8	REQUEST		request_0	1454601032367	1454601032444	1454601032520	1454601032520	KO	status.find.in(200,304,201,202,203,204,205,206,207,208,209), but actually found 401
RecordedSimulation	3461884382218044591-0	REQUEST		request_0	1454601032276	1454601032342	1454601032398	1454601032400	KO	status.find.in(200,304,201,202,203,204,205,206,207,208,209), but actually found 401
RecordedSimulation	3461884382218044591-5	REQUEST		request_0	1454601032333	1454601032398	1454601032454	1454601032454	KO	status.find.in(200,304,201,202,203,204,205,206,207,208,209), but actually found 401
RecordedSimulation	3461884382218044591-1	REQUEST		request_0	1454601032289	1454601032355	1454601032413	1454601032413	KO	status.find.in(200,304,201,202,203,204,205,206,207,208,209), but actually found 401
RecordedSimulation	3461884382218044591-9	REQUEST		request_0	1454601032379	1454601032461	1454601032520	1454601032520	KO	status.find.in(200,304,201,202,203,204,205,206,207,208,209), but actually found 401
RecordedSimulation	3461884382218044591-2	REQUEST		request_0	1454601032300	1454601032363	1454601032415	1454601032415	KO	status.find.in(200,304,201,202,203,204,205,206,207,208,209), but actually found 401
RecordedSimulation	3461884382218044591-6	REQUEST		request_0	1454601032343	1454601032413	1454601032471	1454601032471	KO	status.find.in(200,304,201,202,203,204,205,206,207,208,209), but actually found 401
RecordedSimulation	3461884382218044591-1	REQUEST		request_2	1454601032659	1454601032745	1454601032823	1454601032823	OK	 
RecordedSimulation	3461884382218044591-7	REQUEST		request_2	1454601032644	1454601032746	1454601032830	1454601032830	OK	 
RecordedSimulation	3461884382218044591-9	REQUEST		request_2	1454601032661	1454601032754	1454601032831	1454601032831	OK	 
RecordedSimulation	3461884382218044591-8	REQUEST		request_2	1454601032650	1454601032749	1454601032828	1454601032828	OK	 
RecordedSimulation	3461884382218044591-0	REQUEST		request_2	1454601032657	1454601032756	1454601032849	1454601032849	OK	 
RecordedSimulation	3461884382218044591-3	REQUEST		request_2	1454601032647	1454601032754	1454601032846	1454601032846	OK	 
RecordedSimulation	3461884382218044591-2	REQUEST		request_2	1454601032666	1454601032790	1454601032869	1454601032869	OK	 
RecordedSimulation	3461884382218044591-9	REQUEST		request_1	1454601032760	1454601032814	1454601032879	1454601032879	OK	 
RecordedSimulation	3461884382218044591-6	REQUEST		request_2	1454601032669	1454601032794	1454601032879	1454601032879	OK	 
RecordedSimulation	3461884382218044591-3	REQUEST		request_1	1454601032730	1454601032813	1454601032876	1454601032876	OK	 
RecordedSimulation	3461884382218044591-3	REQUEST		request_3	1454601032692	1454601032802	1454601032891	1454601032892	OK	 
RecordedSimulation	3461884382218044591-3	REQUEST		request_4	1454601032708	1454601032807	1454601032893	1454601032893	OK	 
RecordedSimulation	3461884382218044591-9	REQUEST		request_3	1454601032694	1454601032805	1454601032914	1454601032914	OK	 
RecordedSimulation	3461884382218044591-6	REQUEST		request_3	1454601032705	1454601032804	1454601032892	1454601032895	OK	 
RecordedSimulation	3461884382218044591-1	REQUEST		request_1	1454601032760	1454601032848	1454601032902	1454601032902	OK	 
RecordedSimulation	3461884382218044591-2	REQUEST		request_1	1454601032821	1454601032910	1454601032925	1454601032925	OK	 
RecordedSimulation	3461884382218044591-7	REQUEST		request_3	1454601032684	1454601032807	1454601032891	1454601032891	OK	 
RecordedSimulation	3461884382218044591-5	REQUEST		request_2	1454601032656	1454601032806	1454601032898	1454601032898	OK	 
RecordedSimulation	3461884382218044591-6	REQUEST		request_1	1454601032767	1454601032887	1454601032920	1454601032920	OK	 
RecordedSimulation	3461884382218044591-7	REQUEST		request_1	1454601032764	1454601032829	1454601032896	1454601032896	OK	 
RecordedSimulation	3461884382218044591-8	REQUEST		request_1	1454601032782	1454601032885	1454601032905	1454601032905	OK	 
RecordedSimulation	3461884382218044591-0	REQUEST		request_1	1454601032808	1454601032887	1454601032919	1454601032919	OK	 
RecordedSimulation	3461884382218044591-2	REQUEST		request_3	1454601032703	1454601032854	1454601032939	1454601032939	OK	 
RecordedSimulation	3461884382218044591-5	REQUEST		request_3	1454601032700	1454601032856	1454601032938	1454601032938	OK	 
RecordedSimulation	3461884382218044591-4	REQUEST		request_2	1454601032645	1454601032808	1454601032909	1454601032909	OK	 
RecordedSimulation	3461884382218044591-6	REQUEST		request_4	1454601032730	1454601032857	1454601032938	1454601032938	OK	 
RecordedSimulation	3461884382218044591-8	REQUEST		request_4	1454601032759	1454601032853	1454601032927	1454601032927	OK	 
RecordedSimulation	3461884382218044591-1	REQUEST		request_3	1454601032687	1454601032803	1454601032896	1454601032897	OK	 
RecordedSimulation	3461884382218044591-4	REQUEST		request_1	1454601032817	1454601032910	1454601032937	1454601032937	OK	 
RecordedSimulation	3461884382218044591-1	REQUEST		request_4	1454601032703	1454601032867	1454601032938	1454601032938	OK	 
RecordedSimulation	3461884382218044591-4	REQUEST		request_3	1454601032727	1454601032856	1454601032938	1454601032938	OK	 
RecordedSimulation	3461884382218044591-8	REQUEST		request_3	1454601032694	1454601032868	1454601032940	1454601032940	OK	 
RecordedSimulation	3461884382218044591-7	REQUEST		request_4	1454601032730	1454601032855	1454601032928	1454601032928	OK	 
RecordedSimulation	3461884382218044591-0	REQUEST		request_3	1454601032697	1454601032858	1454601032929	1454601032929	OK	 
RecordedSimulation	3461884382218044591-9	REQUEST		request_4	1454601032724	1454601032867	1454601032939	1454601032939	OK	 
RecordedSimulation	3461884382218044591-0	REQUEST		request_4	1454601032791	1454601032890	1454601032948	1454601032948	OK	 
RecordedSimulation	3461884382218044591-9	REQUEST		request_1 Redirect 1	1454601032880	1454601034002	1454601034078	1454601034078	OK	 
RecordedSimulation	3461884382218044591-5	REQUEST		request_1	1454601032808	1454601032909	1454601032935	1454601032935	OK	 
RecordedSimulation	3461884382218044591-5	REQUEST		request_4	1454601032775	1454601032908	1454601032960	1454601032960	OK	 
RecordedSimulation	3461884382218044591-4	REQUEST		request_4	1454601032772	1454601032907	1454601032964	1454601032964	OK	 
RecordedSimulation	3461884382218044591-2	REQUEST		request_4	1454601032766	1454601032912	1454601032972	1454601032972	OK	 
RecordedSimulation	3461884382218044591-7	REQUEST		request_1 Redirect 1	1454601033967	1454601034774	1454601034796	1454601034796	OK	 
RecordedSimulation	3461884382218044591-0	REQUEST		request_1 Redirect 1	1454601034014	1454601034829	1454601034860	1454601034860	OK	 
RecordedSimulation	3461884382218044591-6	REQUEST		request_1 Redirect 1	1454601033946	1454601034755	1454601034884	1454601034884	OK	 
RecordedSimulation	3461884382218044591-2	REQUEST		request_1 Redirect 1	1454601033796	1454601034789	1454601034891	1454601034891	OK	 
RecordedSimulation	3461884382218044591-8	REQUEST		request_2 Redirect 1	1454601032847	1454601034760	1454601034899	1454601034899	KO	status.find.in(200,304,201,202,203,204,205,206,207,208,209), but actually found 404
RecordedSimulation	3461884382218044591-9	REQUEST		request_1 Redirect 2	1454601034332	1454601034515	1454601034883	1454601034930	OK	 
RecordedSimulation	3461884382218044591-3	REQUEST		request_2 Redirect 1	1454601032870	1454601034845	1454601034994	1454601034995	KO	status.find.in(200,304,201,202,203,204,205,206,207,208,209), but actually found 404
RecordedSimulation	3461884382218044591-5	REQUEST		request_4 Redirect 1	1454601034361	1454601034857	1454601035003	1454601035003	KO	status.find.in(200,304,201,202,203,204,205,206,207,208,209), but actually found 500
RecordedSimulation	3461884382218044591-1	REQUEST		request_4 Redirect 1	1454601034177	1454601034842	1454601035012	1454601035012	KO	status.find.in(200,304,201,202,203,204,205,206,207,208,209), but actually found 500
RecordedSimulation	3461884382218044591-6	REQUEST		request_1 Redirect 2	1454601034889	1454601034942	1454601035022	1454601035027	OK	 
RecordedSimulation	3461884382218044591-3	REQUEST		request_4 Redirect 1	1454601032907	1454601034690	1454601035046	1454601035046	KO	status.find.in(200,304,201,202,203,204,205,206,207,208,209), but actually found 500
RecordedSimulation	3461884382218044591-1	REQUEST		request_2 Redirect 1	1454601032857	1454601034827	1454601035053	1454601035053	KO	status.find.in(200,304,201,202,203,204,205,206,207,208,209), but actually found 404
RecordedSimulation	3461884382218044591-7	REQUEST		request_1 Redirect 2	1454601034797	1454601034800	1454601035049	1454601035057	OK	 
RecordedSimulation	3461884382218044591-3	REQUEST		request_1 Redirect 1	1454601032898	1454601034905	1454601035063	1454601035063	OK	 
RecordedSimulation	3461884382218044591-3	REQUEST		request_3 Redirect 1	1454601032904	1454601034882	1454601035073	1454601035074	KO	status.find.in(200,304,201,202,203,204,205,206,207,208,209), but actually found 500
RecordedSimulation	3461884382218044591-1	REQUEST		request_1 Redirect 1	1454601033779	1454601035039	1454601035078	1454601035078	OK	 
RecordedSimulation	3461884382218044591-0	REQUEST		request_1 Redirect 2	1454601034862	1454601034865	1454601035033	1454601035037	OK	 
RecordedSimulation	3461884382218044591-1	REQUEST		request_1 Redirect 2	1454601035086	1454601035102	1454601035189	1454601035192	OK	 
RecordedSimulation	3461884382218044591-3	REQUEST		request_1 Redirect 2	1454601035069	1454601035102	1454601035191	1454601035194	OK	 
RecordedSimulation	3461884382218044591-6	REQUEST		request_3 Redirect 1	1454601033766	1454601034941	1454601035403	1454601035403	KO	status.find.in(200,304,201,202,203,204,205,206,207,208,209), but actually found 500
RecordedSimulation	3461884382218044591-4	REQUEST		request_3 Redirect 1	1454601034183	1454601035031	1454601035424	1454601035424	KO	status.find.in(200,304,201,202,203,204,205,206,207,208,209), but actually found 500
RecordedSimulation	3461884382218044591-5	REQUEST		request_3 Redirect 1	1454601034059	1454601034888	1454601035424	1454601035424	KO	status.find.in(200,304,201,202,203,204,205,206,207,208,209), but actually found 500
RecordedSimulation	3461884382218044591-8	REQUEST		request_3 Redirect 1	1454601034186	1454601034934	1454601035426	1454601035426	KO	status.find.in(200,304,201,202,203,204,205,206,207,208,209), but actually found 500
RecordedSimulation	3461884382218044591-8	REQUEST		request_4 Redirect 1	1454601034153	1454601034888	1454601035428	1454601035428	KO	status.find.in(200,304,201,202,203,204,205,206,207,208,209), but actually found 500
RecordedSimulation	3461884382218044591-2	REQUEST		request_1 Redirect 2	1454601034893	1454601035042	1454601035423	1454601035439	OK	 
RecordedSimulation	3461884382218044591-4	REQUEST		request_2 Redirect 1	1454601034089	1454601034960	1454601035449	1454601035449	KO	status.find.in(200,304,201,202,203,204,205,206,207,208,209), but actually found 404
RecordedSimulation	3461884382218044591-6	REQUEST		request_2 Redirect 1	1454601032882	1454601034957	1454601035468	1454601035468	KO	status.find.in(200,304,201,202,203,204,205,206,207,208,209), but actually found 404
RecordedSimulation	3461884382218044591-7	REQUEST		request_2 Redirect 1	1454601032835	1454601034963	1454601035472	1454601035472	KO	status.find.in(200,304,201,202,203,204,205,206,207,208,209), but actually found 404
RecordedSimulation	3461884382218044591-0	REQUEST		request_4 Redirect 1	1454601034278	1454601035048	1454601035597	1454601035597	KO	status.find.in(200,304,201,202,203,204,205,206,207,208,209), but actually found 500
RecordedSimulation	3461884382218044591-9	REQUEST		request_4 Redirect 1	1454601034246	1454601035025	1454601035603	1454601035603	KO	status.find.in(200,304,201,202,203,204,205,206,207,208,209), but actually found 500
RecordedSimulation	3461884382218044591-6	REQUEST		request_4 Redirect 1	1454601034127	1454601035066	1454601035614	1454601035614	KO	status.find.in(200,304,201,202,203,204,205,206,207,208,209), but actually found 500
RecordedSimulation	3461884382218044591-1	REQUEST		request_3 Redirect 1	1454601034172	1454601035044	1454601035608	1454601035608	KO	status.find.in(200,304,201,202,203,204,205,206,207,208,209), but actually found 500
RecordedSimulation	3461884382218044591-5	REQUEST		request_2 Redirect 1	1454601033889	1454601035168	1454601035616	1454601035616	KO	status.find.in(200,304,201,202,203,204,205,206,207,208,209), but actually found 404
RecordedSimulation	3461884382218044591-9	REQUEST		request_2 Redirect 1	1454601032836	1454601035171	1454601035620	1454601035620	KO	status.find.in(200,304,201,202,203,204,205,206,207,208,209), but actually found 404
RecordedSimulation	3461884382218044591-0	REQUEST		request_3 Redirect 1	1454601034235	1454601035068	1454601035621	1454601035621	KO	status.find.in(200,304,201,202,203,204,205,206,207,208,209), but actually found 500
RecordedSimulation	3461884382218044591-7	REQUEST		request_3 Redirect 1	1454601033850	1454601035098	1454601035613	1454601035613	KO	status.find.in(200,304,201,202,203,204,205,206,207,208,209), but actually found 500
RecordedSimulation	3461884382218044591-2	REQUEST		request_3 Redirect 1	1454601034035	1454601035076	1454601035641	1454601035641	KO	status.find.in(200,304,201,202,203,204,205,206,207,208,209), but actually found 500
RecordedSimulation	3461884382218044591-4	REQUEST		request_4 Redirect 1	1454601034460	1454601035037	1454601035643	1454601035643	KO	status.find.in(200,304,201,202,203,204,205,206,207,208,209), but actually found 500
RecordedSimulation	3461884382218044591-2	REQUEST		request_2 Redirect 1	1454601032871	1454601035081	1454601035646	1454601035646	KO	status.find.in(200,304,201,202,203,204,205,206,207,208,209), but actually found 404
RecordedSimulation	3461884382218044591-7	REQUEST		request_4 Redirect 1	1454601034199	1454601035177	1454601035650	1454601035650	KO	status.find.in(200,304,201,202,203,204,205,206,207,208,209), but actually found 500
RecordedSimulation	3461884382218044591-4	REQUEST		request_1 Redirect 1	1454601034176	1454601035475	1454601035654	1454601035654	OK	 
RecordedSimulation	3461884382218044591-0	REQUEST		request_2 Redirect 1	1454601032864	1454601035218	1454601035653	1454601035653	KO	status.find.in(200,304,201,202,203,204,205,206,207,208,209), but actually found 404
RecordedSimulation	3461884382218044591-5	REQUEST		request_1 Redirect 1	1454601034345	1454601035478	1454601035655	1454601035655	OK	 
RecordedSimulation	3461884382218044591-2	REQUEST		request_4 Redirect 1	1454601034461	1454601035609	1454601035743	1454601035743	KO	status.find.in(200,304,201,202,203,204,205,206,207,208,209), but actually found 500
RecordedSimulation	3461884382218044591-8	REQUEST		request_1 Redirect 1	1454601034007	1454601035237	1454601035811	1454601035811	OK	 
RecordedSimulation	3461884382218044591-9	REQUEST		request_3 Redirect 1	1454601033724	1454601035616	1454601035813	1454601035813	KO	status.find.in(200,304,201,202,203,204,205,206,207,208,209), but actually found 500
RecordedSimulation	3461884382218044591-4	REQUEST		request_1 Redirect 2	1454601035656	1454601035665	1454601035925	1454601035927	OK	 
RecordedSimulation	3461884382218044591-5	REQUEST		request_1 Redirect 2	1454601035690	1454601035718	1454601035928	1454601035929	OK	 
RecordedSimulation	3461884382218044591-8	REQUEST		request_1 Redirect 2	1454601035822	1454601035826	1454601036447	1454601036514	OK	 
RecordedSimulation	3461884382218044591-3	REQUEST		request_5	1454601039287	1454601039289	1454601039340	1454601039340	KO	status.find.in(200,304,201,202,203,204,205,206,207,208,209), but actually found 401
RecordedSimulation	3461884382218044591-3	REQUEST		request_7	1454601039347	1454601039349	1454601039402	1454601039402	OK	 
RecordedSimulation	3461884382218044591-3	REQUEST		request_9	1454601039349	1454601039352	1454601039412	1454601039412	OK	 
RecordedSimulation	3461884382218044591-3	REQUEST		request_8	1454601039348	1454601039351	1454601039413	1454601039413	OK	 
RecordedSimulation	3461884382218044591-3	REQUEST		request_7 Redirect 1	1454601039405	1454601039407	1454601039516	1454601039516	KO	status.find.in(200,304,201,202,203,204,205,206,207,208,209), but actually found 500
RecordedSimulation	3461884382218044591-3	REQUEST		request_9 Redirect 1	1454601039414	1454601039416	1454601039543	1454601039543	KO	status.find.in(200,304,201,202,203,204,205,206,207,208,209), but actually found 500
RecordedSimulation	3461884382218044591-3	REQUEST		request_8 Redirect 1	1454601039415	1454601039419	1454601039556	1454601039556	KO	status.find.in(200,304,201,202,203,204,205,206,207,208,209), but actually found 404
RecordedSimulation	3461884382218044591-3	USER	END	1454601032212	1454601039603
RecordedSimulation	3461884382218044591-6	REQUEST		request_5	1454601039726	1454601039728	1454601039779	1454601039779	KO	status.find.in(200,304,201,202,203,204,205,206,207,208,209), but actually found 401
RecordedSimulation	3461884382218044591-1	REQUEST		request_5	1454601039728	1454601039730	1454601039781	1454601039781	KO	status.find.in(200,304,201,202,203,204,205,206,207,208,209), but actually found 401
RecordedSimulation	3461884382218044591-0	REQUEST		request_5	1454601039729	1454601039731	1454601039788	1454601039788	KO	status.find.in(200,304,201,202,203,204,205,206,207,208,209), but actually found 401
RecordedSimulation	3461884382218044591-7	REQUEST		request_5	1454601039731	1454601039732	1454601039794	1454601039794	KO	status.find.in(200,304,201,202,203,204,205,206,207,208,209), but actually found 401
RecordedSimulation	3461884382218044591-1	REQUEST		request_9	1454601039789	1454601039790	1454601039845	1454601039846	OK	 
RecordedSimulation	3461884382218044591-1	REQUEST		request_7	1454601039787	1454601039788	1454601039847	1454601039847	OK	 
RecordedSimulation	3461884382218044591-6	REQUEST		request_8	1454601039788	1454601039790	1454601039847	1454601039847	OK	 
RecordedSimulation	3461884382218044591-0	REQUEST		request_8	1454601039796	1454601039797	1454601039850	1454601039850	OK	 
RecordedSimulation	3461884382218044591-6	REQUEST		request_7	1454601039786	1454601039788	1454601039849	1454601039850	OK	 
RecordedSimulation	3461884382218044591-6	REQUEST		request_9	1454601039790	1454601039792	1454601039853	1454601039853	OK	 
RecordedSimulation	3461884382218044591-1	REQUEST		request_8	1454601039788	1454601039790	1454601039855	1454601039855	OK	 
RecordedSimulation	3461884382218044591-0	REQUEST		request_7	1454601039794	1454601039796	1454601039855	1454601039855	OK	 
RecordedSimulation	3461884382218044591-0	REQUEST		request_9	1454601039796	1454601039799	1454601039858	1454601039858	OK	 
RecordedSimulation	3461884382218044591-7	REQUEST		request_8	1454601039802	1454601039803	1454601039860	1454601039860	OK	 
RecordedSimulation	3461884382218044591-7	REQUEST		request_9	1454601039803	1454601039804	1454601039861	1454601039861	OK	 
RecordedSimulation	3461884382218044591-7	REQUEST		request_7	1454601039800	1454601039802	1454601039862	1454601039862	OK	 
RecordedSimulation	3461884382218044591-2	REQUEST		request_5	1454601039877	1454601039880	1454601039931	1454601039931	KO	status.find.in(200,304,201,202,203,204,205,206,207,208,209), but actually found 401
RecordedSimulation	3461884382218044591-9	REQUEST		request_5	1454601039923	1454601039925	1454601039976	1454601039976	KO	status.find.in(200,304,201,202,203,204,205,206,207,208,209), but actually found 401
RecordedSimulation	3461884382218044591-2	REQUEST		request_7	1454601039936	1454601039938	1454601039988	1454601039988	OK	 
RecordedSimulation	3461884382218044591-2	REQUEST		request_8	1454601039937	1454601039939	1454601039992	1454601039992	OK	 
RecordedSimulation	3461884382218044591-2	REQUEST		request_9	1454601039939	1454601039940	1454601039997	1454601039997	OK	 
RecordedSimulation	3461884382218044591-4	REQUEST		request_5	1454601039973	1454601039975	1454601040025	1454601040025	KO	status.find.in(200,304,201,202,203,204,205,206,207,208,209), but actually found 401
RecordedSimulation	3461884382218044591-5	REQUEST		request_5	1454601039974	1454601039976	1454601040031	1454601040031	KO	status.find.in(200,304,201,202,203,204,205,206,207,208,209), but actually found 401
RecordedSimulation	3461884382218044591-9	REQUEST		request_9	1454601039985	1454601039987	1454601040049	1454601040049	OK	 
RecordedSimulation	3461884382218044591-9	REQUEST		request_7	1454601039982	1454601039984	1454601040054	1454601040054	OK	 
RecordedSimulation	3461884382218044591-9	REQUEST		request_8	1454601039984	1454601039986	1454601040063	1454601040063	OK	 
RecordedSimulation	3461884382218044591-4	REQUEST		request_7	1454601040033	1454601040035	1454601040105	1454601040105	OK	 
RecordedSimulation	3461884382218044591-5	REQUEST		request_8	1454601040043	1454601040045	1454601040106	1454601040106	OK	 
RecordedSimulation	3461884382218044591-4	REQUEST		request_8	1454601040035	1454601040042	1454601040107	1454601040107	OK	 
RecordedSimulation	3461884382218044591-5	REQUEST		request_9	1454601040045	1454601040046	1454601040110	1454601040110	OK	 
RecordedSimulation	3461884382218044591-4	REQUEST		request_9	1454601040036	1454601040038	1454601040110	1454601040110	OK	 
RecordedSimulation	3461884382218044591-5	REQUEST		request_7	1454601040041	1454601040042	1454601040111	1454601040111	OK	 
RecordedSimulation	3461884382218044591-7	REQUEST		request_8 Redirect 1	1454601039862	1454601039865	1454601040138	1454601040138	KO	status.find.in(200,304,201,202,203,204,205,206,207,208,209), but actually found 404
RecordedSimulation	3461884382218044591-6	REQUEST		request_8 Redirect 1	1454601039848	1454601039854	1454601040140	1454601040140	KO	status.find.in(200,304,201,202,203,204,205,206,207,208,209), but actually found 404
RecordedSimulation	3461884382218044591-6	REQUEST		request_7 Redirect 1	1454601039852	1454601039861	1454601040142	1454601040142	KO	status.find.in(200,304,201,202,203,204,205,206,207,208,209), but actually found 500
RecordedSimulation	3461884382218044591-7	REQUEST		request_9 Redirect 1	1454601039864	1454601039866	1454601040148	1454601040149	KO	status.find.in(200,304,201,202,203,204,205,206,207,208,209), but actually found 500
RecordedSimulation	3461884382218044591-6	REQUEST		request_9 Redirect 1	1454601039855	1454601039861	1454601040230	1454601040233	KO	status.find.in(200,304,201,202,203,204,205,206,207,208,209), but actually found 500
RecordedSimulation	3461884382218044591-6	USER	END	1454601032212	1454601040242
RecordedSimulation	3461884382218044591-7	REQUEST		request_7 Redirect 1	1454601039867	1454601039868	1454601040325	1454601040325	KO	status.find.in(200,304,201,202,203,204,205,206,207,208,209), but actually found 500
RecordedSimulation	3461884382218044591-0	REQUEST		request_9 Redirect 1	1454601039864	1454601039867	1454601040332	1454601040332	KO	status.find.in(200,304,201,202,203,204,205,206,207,208,209), but actually found 500
RecordedSimulation	3461884382218044591-0	REQUEST		request_8 Redirect 1	1454601039851	1454601039853	1454601040331	1454601040331	KO	status.find.in(200,304,201,202,203,204,205,206,207,208,209), but actually found 404
RecordedSimulation	3461884382218044591-0	REQUEST		request_7 Redirect 1	1454601039860	1454601039863	1454601040344	1454601040344	KO	status.find.in(200,304,201,202,203,204,205,206,207,208,209), but actually found 500
RecordedSimulation	3461884382218044591-7	USER	END	1454601032212	1454601040350
RecordedSimulation	3461884382218044591-1	REQUEST		request_8 Redirect 1	1454601039857	1454601039859	1454601040356	1454601040356	KO	status.find.in(200,304,201,202,203,204,205,206,207,208,209), but actually found 404
RecordedSimulation	3461884382218044591-1	REQUEST		request_7 Redirect 1	1454601039849	1454601039853	1454601040358	1454601040358	KO	status.find.in(200,304,201,202,203,204,205,206,207,208,209), but actually found 500
RecordedSimulation	3461884382218044591-0	USER	END	1454601032205	1454601040363
RecordedSimulation	3461884382218044591-1	REQUEST		request_9 Redirect 1	1454601039848	1454601039851	1454601040355	1454601040355	KO	status.find.in(200,304,201,202,203,204,205,206,207,208,209), but actually found 500
RecordedSimulation	3461884382218044591-1	USER	END	1454601032212	1454601040374
RecordedSimulation	3461884382218044591-2	REQUEST		request_7 Redirect 1	1454601039990	1454601039992	1454601040372	1454601040372	KO	status.find.in(200,304,201,202,203,204,205,206,207,208,209), but actually found 500
RecordedSimulation	3461884382218044591-2	REQUEST		request_9 Redirect 1	1454601039999	1454601040001	1454601040373	1454601040373	KO	status.find.in(200,304,201,202,203,204,205,206,207,208,209), but actually found 500
RecordedSimulation	3461884382218044591-9	REQUEST		request_9 Redirect 1	1454601040052	1454601040061	1454601040406	1454601040406	KO	status.find.in(200,304,201,202,203,204,205,206,207,208,209), but actually found 500
RecordedSimulation	3461884382218044591-2	REQUEST		request_8 Redirect 1	1454601039994	1454601039996	1454601040407	1454601040407	KO	status.find.in(200,304,201,202,203,204,205,206,207,208,209), but actually found 404
RecordedSimulation	3461884382218044591-4	REQUEST		request_7 Redirect 1	1454601040106	1454601040108	1454601040412	1454601040412	KO	status.find.in(200,304,201,202,203,204,205,206,207,208,209), but actually found 500
RecordedSimulation	3461884382218044591-2	USER	END	1454601032212	1454601040418
RecordedSimulation	3461884382218044591-5	REQUEST		request_7 Redirect 1	1454601040117	1454601040120	1454601040429	1454601040429	KO	status.find.in(200,304,201,202,203,204,205,206,207,208,209), but actually found 500
RecordedSimulation	3461884382218044591-5	REQUEST		request_9 Redirect 1	1454601040112	1454601040114	1454601040440	1454601040440	KO	status.find.in(200,304,201,202,203,204,205,206,207,208,209), but actually found 500
RecordedSimulation	3461884382218044591-4	REQUEST		request_8 Redirect 1	1454601040109	1454601040113	1454601040440	1454601040440	KO	status.find.in(200,304,201,202,203,204,205,206,207,208,209), but actually found 404
RecordedSimulation	3461884382218044591-4	REQUEST		request_9 Redirect 1	1454601040115	1454601040116	1454601040453	1454601040453	KO	status.find.in(200,304,201,202,203,204,205,206,207,208,209), but actually found 500
RecordedSimulation	3461884382218044591-9	REQUEST		request_7 Redirect 1	1454601040060	1454601040063	1454601040460	1454601040460	KO	status.find.in(200,304,201,202,203,204,205,206,207,208,209), but actually found 500
RecordedSimulation	3461884382218044591-4	USER	END	1454601032212	1454601040471
RecordedSimulation	3461884382218044591-9	REQUEST		request_8 Redirect 1	1454601040066	1454601040073	1454601040466	1454601040466	KO	status.find.in(200,304,201,202,203,204,205,206,207,208,209), but actually found 404
RecordedSimulation	3461884382218044591-5	REQUEST		request_8 Redirect 1	1454601040109	1454601040111	1454601040471	1454601040471	KO	status.find.in(200,304,201,202,203,204,205,206,207,208,209), but actually found 404
RecordedSimulation	3461884382218044591-9	USER	END	1454601032212	1454601040486
RecordedSimulation	3461884382218044591-5	USER	END	1454601032212	1454601040495
RecordedSimulation	3461884382218044591-8	REQUEST		request_5	1454601040575	1454601040578	1454601040629	1454601040629	KO	status.find.in(200,304,201,202,203,204,205,206,207,208,209), but actually found 401
RecordedSimulation	3461884382218044591-8	REQUEST		request_8	1454601040635	1454601040637	1454601040688	1454601040688	OK	 
RecordedSimulation	3461884382218044591-8	REQUEST		request_7	1454601040634	1454601040636	1454601040689	1454601040689	OK	 
RecordedSimulation	3461884382218044591-8	REQUEST		request_9	1454601040637	1454601040639	1454601040695	1454601040695	OK	 
RecordedSimulation	3461884382218044591-8	REQUEST		request_9 Redirect 1	1454601040697	1454601040699	1454601040837	1454601040837	KO	status.find.in(200,304,201,202,203,204,205,206,207,208,209), but actually found 500
RecordedSimulation	3461884382218044591-8	REQUEST		request_7 Redirect 1	1454601040691	1454601040695	1454601040845	1454601040845	KO	status.find.in(200,304,201,202,203,204,205,206,207,208,209), but actually found 500
RecordedSimulation	3461884382218044591-8	REQUEST		request_8 Redirect 1	1454601040690	1454601040693	1454601040847	1454601040847	KO	status.find.in(200,304,201,202,203,204,205,206,207,208,209), but actually found 404
RecordedSimulation	3461884382218044591-8	USER	END	1454601032212	1454601040858
