default.RecordedSimulation	recordedsimulation	RUN	1454600889011	recordedsimulation	2.0
RecordedSimulation	2405797758138956053-0	USER	START	1454600890687	0
RecordedSimulation	2405797758138956053-1	USER	START	1454600890697	0
RecordedSimulation	2405797758138956053-2	USER	START	1454600890697	0
RecordedSimulation	2405797758138956053-3	USER	START	1454600890697	0
RecordedSimulation	2405797758138956053-4	USER	START	1454600890697	0
RecordedSimulation	2405797758138956053-5	USER	START	1454600890697	0
RecordedSimulation	2405797758138956053-6	USER	START	1454600890697	0
RecordedSimulation	2405797758138956053-7	USER	START	1454600890697	0
RecordedSimulation	2405797758138956053-8	USER	START	1454600890697	0
RecordedSimulation	2405797758138956053-9	USER	START	1454600890697	0
RecordedSimulation	2405797758138956053-7	REQUEST		request_0	1454600891044	1454600891111	1454600891172	1454600891172	KO	status.find.in(200,304,201,202,203,204,205,206,207,208,209), but actually found 401
RecordedSimulation	2405797758138956053-9	REQUEST		request_0	1454600891079	1454600891172	1454600891242	1454600891242	KO	status.find.in(200,304,201,202,203,204,205,206,207,208,209), but actually found 401
RecordedSimulation	2405797758138956053-0	REQUEST		request_0	1454600890806	1454600891018	1454600891075	1454600891076	KO	status.find.in(200,304,201,202,203,204,205,206,207,208,209), but actually found 401
RecordedSimulation	2405797758138956053-8	REQUEST		request_0	1454600891058	1454600891138	1454600891196	1454600891196	KO	status.find.in(200,304,201,202,203,204,205,206,207,208,209), but actually found 401
RecordedSimulation	2405797758138956053-5	REQUEST		request_0	1454600891017	1454600891093	1454600891150	1454600891150	KO	status.find.in(200,304,201,202,203,204,205,206,207,208,209), but actually found 401
RecordedSimulation	2405797758138956053-6	REQUEST		request_0	1454600891033	1454600891103	1454600891160	1454600891160	KO	status.find.in(200,304,201,202,203,204,205,206,207,208,209), but actually found 401
RecordedSimulation	2405797758138956053-1	REQUEST		request_0	1454600890965	1454600891035	1454600891088	1454600891088	KO	status.find.in(200,304,201,202,203,204,205,206,207,208,209), but actually found 401
RecordedSimulation	2405797758138956053-3	REQUEST		request_0	1454600890993	1454600891062	1454600891118	1454600891118	KO	status.find.in(200,304,201,202,203,204,205,206,207,208,209), but actually found 401
RecordedSimulation	2405797758138956053-4	REQUEST		request_0	1454600891005	1454600891068	1454600891121	1454600891122	KO	status.find.in(200,304,201,202,203,204,205,206,207,208,209), but actually found 401
RecordedSimulation	2405797758138956053-2	REQUEST		request_0	1454600890981	1454600891044	1454600891097	1454600891097	KO	status.find.in(200,304,201,202,203,204,205,206,207,208,209), but actually found 401
RecordedSimulation	2405797758138956053-9	REQUEST		request_2	1454600891447	1454600891681	1454600891762	1454600891762	OK	 
RecordedSimulation	2405797758138956053-8	REQUEST		request_2	1454600891440	1454600891693	1454600891763	1454600891763	OK	 
RecordedSimulation	2405797758138956053-4	REQUEST		request_2	1454600891451	1454600891691	1454600891770	1454600891770	OK	 
RecordedSimulation	2405797758138956053-6	REQUEST		request_1	1454600891685	1454600891746	1454600891781	1454600891781	OK	 
RecordedSimulation	2405797758138956053-7	REQUEST		request_2	1454600891439	1454600891693	1454600891777	1454600891777	OK	 
RecordedSimulation	2405797758138956053-4	REQUEST		request_1	1454600891676	1454600891751	1454600891788	1454600891788	OK	 
RecordedSimulation	2405797758138956053-2	REQUEST		request_2	1454600891452	1454600891696	1454600891790	1454600891790	OK	 
RecordedSimulation	2405797758138956053-1	REQUEST		request_1	1454600891682	1454600891761	1454600891794	1454600891794	OK	 
RecordedSimulation	2405797758138956053-7	REQUEST		request_1	1454600891681	1454600891764	1454600891798	1454600891798	OK	 
RecordedSimulation	2405797758138956053-5	REQUEST		request_3	1454600891635	1454600891736	1454600891801	1454600891802	OK	 
RecordedSimulation	2405797758138956053-2	REQUEST		request_1	1454600891675	1454600891755	1454600891809	1454600891809	OK	 
RecordedSimulation	2405797758138956053-9	REQUEST		request_3	1454600891623	1454600891737	1454600891809	1454600891809	OK	 
RecordedSimulation	2405797758138956053-9	REQUEST		request_1	1454600891659	1454600891761	1454600891809	1454600891809	OK	 
RecordedSimulation	2405797758138956053-0	REQUEST		request_1	1454600891681	1454600891776	1454600891809	1454600891809	OK	 
RecordedSimulation	2405797758138956053-4	REQUEST		request_4	1454600891648	1454600891750	1454600891810	1454600891810	OK	 
RecordedSimulation	2405797758138956053-7	REQUEST		request_3	1454600891623	1454600891748	1454600891819	1454600891819	OK	 
RecordedSimulation	2405797758138956053-1	REQUEST		request_4	1454600891660	1454600891749	1454600891816	1454600891816	OK	 
RecordedSimulation	2405797758138956053-6	REQUEST		request_2	1454600891448	1454600891736	1454600891805	1454600891805	OK	 
RecordedSimulation	2405797758138956053-9	REQUEST		request_4	1454600891642	1454600891748	1454600891814	1454600891814	OK	 
RecordedSimulation	2405797758138956053-0	REQUEST		request_2	1454600891440	1454600891748	1454600891818	1454600891818	OK	 
RecordedSimulation	2405797758138956053-0	REQUEST		request_3	1454600891639	1454600891746	1454600891818	1454600891818	OK	 
RecordedSimulation	2405797758138956053-3	REQUEST		request_2	1454600891448	1454600891746	1454600891815	1454600891815	OK	 
RecordedSimulation	2405797758138956053-5	REQUEST		request_2	1454600891449	1454600891746	1454600891817	1454600891817	OK	 
RecordedSimulation	2405797758138956053-7	REQUEST		request_4	1454600891652	1454600891768	1454600891839	1454600891839	OK	 
RecordedSimulation	2405797758138956053-5	REQUEST		request_1	1454600891667	1454600891781	1454600891811	1454600891811	OK	 
RecordedSimulation	2405797758138956053-1	REQUEST		request_3	1454600891639	1454600891765	1454600891840	1454600891840	OK	 
RecordedSimulation	2405797758138956053-1	REQUEST		request_2	1454600891439	1454600891748	1454600891820	1454600891820	OK	 
RecordedSimulation	2405797758138956053-3	REQUEST		request_3	1454600891643	1454600891750	1454600891820	1454600891820	OK	 
RecordedSimulation	2405797758138956053-2	REQUEST		request_4	1454600891651	1454600891760	1454600891837	1454600891838	OK	 
RecordedSimulation	2405797758138956053-4	REQUEST		request_3	1454600891621	1454600891767	1454600891841	1454600891841	OK	 
RecordedSimulation	2405797758138956053-8	REQUEST		request_1	1454600891673	1454600891797	1454600891822	1454600891822	OK	 
RecordedSimulation	2405797758138956053-8	REQUEST		request_3	1454600891631	1454600891758	1454600891837	1454600891837	OK	 
RecordedSimulation	2405797758138956053-2	REQUEST		request_3	1454600891631	1454600891792	1454600891859	1454600891859	OK	 
RecordedSimulation	2405797758138956053-0	REQUEST		request_4	1454600891651	1454600891749	1454600891819	1454600891819	OK	 
RecordedSimulation	2405797758138956053-3	REQUEST		request_1	1454600891680	1454600891799	1454600891820	1454600891820	OK	 
RecordedSimulation	2405797758138956053-6	REQUEST		request_4	1454600891664	1454600891757	1454600891832	1454600891832	OK	 
RecordedSimulation	2405797758138956053-3	REQUEST		request_4	1454600891669	1454600891793	1454600891857	1454600891857	OK	 
RecordedSimulation	2405797758138956053-5	REQUEST		request_4	1454600891645	1454600891759	1454600891842	1454600891842	OK	 
RecordedSimulation	2405797758138956053-6	REQUEST		request_3	1454600891637	1454600891759	1454600891832	1454600891832	OK	 
RecordedSimulation	2405797758138956053-8	REQUEST		request_4	1454600891644	1454600891794	1454600891858	1454600891858	OK	 
RecordedSimulation	2405797758138956053-7	REQUEST		request_1 Redirect 1	1454600891801	1454600893624	1454600893684	1454600893684	OK	 
RecordedSimulation	2405797758138956053-0	REQUEST		request_1 Redirect 1	1454600892698	1454600893642	1454600893760	1454600893760	OK	 
RecordedSimulation	2405797758138956053-2	REQUEST		request_1 Redirect 1	1454600891812	1454600893778	1454600893782	1454600893782	OK	 
RecordedSimulation	2405797758138956053-4	REQUEST		request_1 Redirect 1	1454600891793	1454600893818	1454600893999	1454600893999	OK	 
RecordedSimulation	2405797758138956053-2	REQUEST		request_2 Redirect 1	1454600891794	1454600893640	1454600893960	1454600893960	KO	status.find.in(200,304,201,202,203,204,205,206,207,208,209), but actually found 404
RecordedSimulation	2405797758138956053-5	REQUEST		request_1 Redirect 1	1454600892908	1454600893962	1454600894055	1454600894055	OK	 
RecordedSimulation	2405797758138956053-1	REQUEST		request_1 Redirect 1	1454600891823	1454600893710	1454600894077	1454600894077	OK	 
RecordedSimulation	2405797758138956053-6	REQUEST		request_1 Redirect 1	1454600891784	1454600894133	1454600894198	1454600894198	OK	 
RecordedSimulation	2405797758138956053-5	REQUEST		request_2 Redirect 1	1454600892889	1454600893764	1454600894289	1454600894289	KO	status.find.in(200,304,201,202,203,204,205,206,207,208,209), but actually found 404
RecordedSimulation	2405797758138956053-0	REQUEST		request_4 Redirect 1	1454600893162	1454600893791	1454600894295	1454600894295	KO	status.find.in(200,304,201,202,203,204,205,206,207,208,209), but actually found 500
RecordedSimulation	2405797758138956053-7	REQUEST		request_4 Redirect 1	1454600892890	1454600893763	1454600894323	1454600894323	KO	status.find.in(200,304,201,202,203,204,205,206,207,208,209), but actually found 500
RecordedSimulation	2405797758138956053-3	REQUEST		request_1 Redirect 1	1454600893167	1454600894026	1454600894330	1454600894330	OK	 
RecordedSimulation	2405797758138956053-9	REQUEST		request_1 Redirect 1	1454600892694	1454600894052	1454600894330	1454600894330	OK	 
RecordedSimulation	2405797758138956053-9	REQUEST		request_2 Redirect 1	1454600891772	1454600893674	1454600894349	1454600894349	KO	status.find.in(200,304,201,202,203,204,205,206,207,208,209), but actually found 404
RecordedSimulation	2405797758138956053-5	REQUEST		request_3 Redirect 1	1454600891811	1454600893671	1454600894352	1454600894352	KO	status.find.in(200,304,201,202,203,204,205,206,207,208,209), but actually found 500
RecordedSimulation	2405797758138956053-7	REQUEST		request_1 Redirect 2	1454600893691	1454600893698	1454600894032	1454600894069	OK	 
RecordedSimulation	2405797758138956053-0	REQUEST		request_1 Redirect 2	1454600893765	1454600893997	1454600894299	1454600894302	OK	 
RecordedSimulation	2405797758138956053-8	REQUEST		request_2 Redirect 1	1454600891777	1454600893715	1454600894336	1454600894336	KO	status.find.in(200,304,201,202,203,204,205,206,207,208,209), but actually found 404
RecordedSimulation	2405797758138956053-8	REQUEST		request_1 Redirect 1	1454600893137	1454600894296	1454600894370	1454600894370	OK	 
RecordedSimulation	2405797758138956053-6	REQUEST		request_1 Redirect 2	1454600894281	1454600894313	1454600894385	1454600894390	OK	 
RecordedSimulation	2405797758138956053-9	REQUEST		request_1 Redirect 2	1454600894340	1454600894347	1454600894409	1454600894411	OK	 
RecordedSimulation	2405797758138956053-5	REQUEST		request_1 Redirect 2	1454600894057	1454600894343	1454600894412	1454600894417	OK	 
RecordedSimulation	2405797758138956053-8	REQUEST		request_1 Redirect 2	1454600894372	1454600894375	1454600894415	1454600894420	OK	 
RecordedSimulation	2405797758138956053-3	REQUEST		request_1 Redirect 2	1454600894336	1454600894359	1454600894430	1454600894435	OK	 
RecordedSimulation	2405797758138956053-1	REQUEST		request_1 Redirect 2	1454600894079	1454600894137	1454600894219	1454600894271	OK	 
RecordedSimulation	2405797758138956053-2	REQUEST		request_1 Redirect 2	1454600893790	1454600894283	1454600894398	1454600894400	OK	 
RecordedSimulation	2405797758138956053-4	REQUEST		request_1 Redirect 2	1454600894010	1454600894073	1454600894458	1454600894462	OK	 
RecordedSimulation	2405797758138956053-2	REQUEST		request_3 Redirect 1	1454600893160	1454600894002	1454600894806	1454600894806	KO	status.find.in(200,304,201,202,203,204,205,206,207,208,209), but actually found 500
RecordedSimulation	2405797758138956053-1	REQUEST		request_4 Redirect 1	1454600892723	1454600894005	1454600894814	1454600894814	KO	status.find.in(200,304,201,202,203,204,205,206,207,208,209), but actually found 500
RecordedSimulation	2405797758138956053-6	REQUEST		request_2 Redirect 1	1454600892737	1454600894053	1454600894825	1454600894825	KO	status.find.in(200,304,201,202,203,204,205,206,207,208,209), but actually found 404
RecordedSimulation	2405797758138956053-6	REQUEST		request_4 Redirect 1	1454600893170	1454600894012	1454600894835	1454600894835	KO	status.find.in(200,304,201,202,203,204,205,206,207,208,209), but actually found 500
RecordedSimulation	2405797758138956053-3	REQUEST		request_3 Redirect 1	1454600893079	1454600893999	1454600894816	1454600894833	KO	status.find.in(200,304,201,202,203,204,205,206,207,208,209), but actually found 500
RecordedSimulation	2405797758138956053-7	REQUEST		request_2 Redirect 1	1454600891784	1454600893913	1454600894850	1454600894850	KO	status.find.in(200,304,201,202,203,204,205,206,207,208,209), but actually found 404
RecordedSimulation	2405797758138956053-4	REQUEST		request_3 Redirect 1	1454600893095	1454600894050	1454600894856	1454600894857	KO	status.find.in(200,304,201,202,203,204,205,206,207,208,209), but actually found 500
RecordedSimulation	2405797758138956053-4	REQUEST		request_4 Redirect 1	1454600892698	1454600894042	1454600894858	1454600894858	KO	status.find.in(200,304,201,202,203,204,205,206,207,208,209), but actually found 500
RecordedSimulation	2405797758138956053-3	REQUEST		request_2 Redirect 1	1454600892852	1454600894039	1454600894862	1454600894862	KO	status.find.in(200,304,201,202,203,204,205,206,207,208,209), but actually found 404
RecordedSimulation	2405797758138956053-1	REQUEST		request_2 Redirect 1	1454600893069	1454600894023	1454600894914	1454600894914	KO	status.find.in(200,304,201,202,203,204,205,206,207,208,209), but actually found 404
RecordedSimulation	2405797758138956053-8	REQUEST		request_3 Redirect 1	1454600893159	1454600894047	1454600894915	1454600894915	KO	status.find.in(200,304,201,202,203,204,205,206,207,208,209), but actually found 500
RecordedSimulation	2405797758138956053-7	REQUEST		request_3 Redirect 1	1454600892720	1454600894040	1454600894921	1454600894921	KO	status.find.in(200,304,201,202,203,204,205,206,207,208,209), but actually found 500
RecordedSimulation	2405797758138956053-9	REQUEST		request_3 Redirect 1	1454600891823	1454600894035	1454600894922	1454600894922	KO	status.find.in(200,304,201,202,203,204,205,206,207,208,209), but actually found 500
RecordedSimulation	2405797758138956053-9	REQUEST		request_4 Redirect 1	1454600892737	1454600894032	1454600894934	1454600894934	KO	status.find.in(200,304,201,202,203,204,205,206,207,208,209), but actually found 500
RecordedSimulation	2405797758138956053-1	REQUEST		request_3 Redirect 1	1454600893056	1454600894289	1454600894939	1454600894939	KO	status.find.in(200,304,201,202,203,204,205,206,207,208,209), but actually found 500
RecordedSimulation	2405797758138956053-4	REQUEST		request_2 Redirect 1	1454600891774	1454600894291	1454600894942	1454600894943	KO	status.find.in(200,304,201,202,203,204,205,206,207,208,209), but actually found 404
RecordedSimulation	2405797758138956053-3	REQUEST		request_4 Redirect 1	1454600893191	1454600894327	1454600894941	1454600894941	KO	status.find.in(200,304,201,202,203,204,205,206,207,208,209), but actually found 500
RecordedSimulation	2405797758138956053-0	REQUEST		request_2 Redirect 1	1454600892762	1454600894136	1454600894944	1454600894944	KO	status.find.in(200,304,201,202,203,204,205,206,207,208,209), but actually found 404
RecordedSimulation	2405797758138956053-6	REQUEST		request_3 Redirect 1	1454600893251	1454600894294	1454600894950	1454600894950	KO	status.find.in(200,304,201,202,203,204,205,206,207,208,209), but actually found 500
RecordedSimulation	2405797758138956053-5	REQUEST		request_4 Redirect 1	1454600893199	1454600894457	1454600894959	1454600894959	KO	status.find.in(200,304,201,202,203,204,205,206,207,208,209), but actually found 500
RecordedSimulation	2405797758138956053-0	REQUEST		request_3 Redirect 1	1454600892839	1454600894335	1454600894959	1454600894959	KO	status.find.in(200,304,201,202,203,204,205,206,207,208,209), but actually found 500
RecordedSimulation	2405797758138956053-8	REQUEST		request_4 Redirect 1	1454600893611	1454600894320	1454600894960	1454600894960	KO	status.find.in(200,304,201,202,203,204,205,206,207,208,209), but actually found 500
RecordedSimulation	2405797758138956053-2	REQUEST		request_4 Redirect 1	1454600893087	1454600894333	1454600894974	1454600894974	KO	status.find.in(200,304,201,202,203,204,205,206,207,208,209), but actually found 500
RecordedSimulation	2405797758138956053-1	REQUEST		request_5	1454600899012	1454600899014	1454600899064	1454600899065	KO	status.find.in(200,304,201,202,203,204,205,206,207,208,209), but actually found 401
RecordedSimulation	2405797758138956053-3	REQUEST		request_5	1454600899009	1454600899011	1454600899065	1454600899065	KO	status.find.in(200,304,201,202,203,204,205,206,207,208,209), but actually found 401
RecordedSimulation	2405797758138956053-7	REQUEST		request_5	1454600899016	1454600899017	1454600899069	1454600899069	KO	status.find.in(200,304,201,202,203,204,205,206,207,208,209), but actually found 401
RecordedSimulation	2405797758138956053-9	REQUEST		request_5	1454600899014	1454600899016	1454600899074	1454600899074	KO	status.find.in(200,304,201,202,203,204,205,206,207,208,209), but actually found 401
RecordedSimulation	2405797758138956053-4	REQUEST		request_5	1454600899017	1454600899018	1454600899073	1454600899073	KO	status.find.in(200,304,201,202,203,204,205,206,207,208,209), but actually found 401
RecordedSimulation	2405797758138956053-6	REQUEST		request_5	1454600899019	1454600899020	1454600899089	1454600899089	KO	status.find.in(200,304,201,202,203,204,205,206,207,208,209), but actually found 401
RecordedSimulation	2405797758138956053-0	REQUEST		request_5	1454600899024	1454600899026	1454600899090	1454600899090	KO	status.find.in(200,304,201,202,203,204,205,206,207,208,209), but actually found 401
RecordedSimulation	2405797758138956053-8	REQUEST		request_5	1454600899022	1454600899025	1454600899092	1454600899092	KO	status.find.in(200,304,201,202,203,204,205,206,207,208,209), but actually found 401
RecordedSimulation	2405797758138956053-5	REQUEST		request_5	1454600899020	1454600899022	1454600899106	1454600899106	KO	status.find.in(200,304,201,202,203,204,205,206,207,208,209), but actually found 401
RecordedSimulation	2405797758138956053-2	REQUEST		request_5	1454600899056	1454600899059	1454600899114	1454600899114	KO	status.find.in(200,304,201,202,203,204,205,206,207,208,209), but actually found 401
RecordedSimulation	2405797758138956053-1	REQUEST		request_7	1454600899073	1454600899076	1454600899142	1454600899142	OK	 
RecordedSimulation	2405797758138956053-1	REQUEST		request_9	1454600899076	1454600899078	1454600899146	1454600899147	OK	 
RecordedSimulation	2405797758138956053-1	REQUEST		request_8	1454600899075	1454600899076	1454600899146	1454600899146	OK	 
RecordedSimulation	2405797758138956053-7	REQUEST		request_7	1454600899078	1454600899079	1454600899148	1454600899148	OK	 
RecordedSimulation	2405797758138956053-9	REQUEST		request_7	1454600899084	1454600899088	1454600899152	1454600899152	OK	 
RecordedSimulation	2405797758138956053-3	REQUEST		request_7	1454600899082	1454600899083	1454600899157	1454600899157	OK	 
RecordedSimulation	2405797758138956053-3	REQUEST		request_9	1454600899084	1454600899086	1454600899157	1454600899158	OK	 
RecordedSimulation	2405797758138956053-4	REQUEST		request_8	1454600899083	1454600899103	1454600899159	1454600899159	OK	 
RecordedSimulation	2405797758138956053-7	REQUEST		request_9	1454600899081	1454600899083	1454600899161	1454600899161	OK	 
RecordedSimulation	2405797758138956053-4	REQUEST		request_9	1454600899084	1454600899086	1454600899164	1454600899164	OK	 
RecordedSimulation	2405797758138956053-0	REQUEST		request_9	1454600899100	1454600899103	1454600899163	1454600899163	OK	 
RecordedSimulation	2405797758138956053-0	REQUEST		request_7	1454600899098	1454600899100	1454600899164	1454600899164	OK	 
RecordedSimulation	2405797758138956053-6	REQUEST		request_9	1454600899101	1454600899103	1454600899163	1454600899163	OK	 
RecordedSimulation	2405797758138956053-6	REQUEST		request_7	1454600899099	1454600899101	1454600899165	1454600899165	OK	 
RecordedSimulation	2405797758138956053-7	REQUEST		request_8	1454600899080	1454600899082	1454600899164	1454600899164	OK	 
RecordedSimulation	2405797758138956053-6	REQUEST		request_8	1454600899100	1454600899106	1454600899170	1454600899170	OK	 
RecordedSimulation	2405797758138956053-4	REQUEST		request_7	1454600899081	1454600899082	1454600899170	1454600899170	OK	 
RecordedSimulation	2405797758138956053-8	REQUEST		request_8	1454600899103	1454600899108	1454600899176	1454600899176	OK	 
RecordedSimulation	2405797758138956053-2	REQUEST		request_9	1454600899129	1454600899131	1454600899195	1454600899195	OK	 
RecordedSimulation	2405797758138956053-2	REQUEST		request_7	1454600899126	1454600899130	1454600899189	1454600899189	OK	 
RecordedSimulation	2405797758138956053-2	REQUEST		request_8	1454600899128	1454600899130	1454600899187	1454600899187	OK	 
RecordedSimulation	2405797758138956053-8	REQUEST		request_7	1454600899099	1454600899105	1454600899178	1454600899178	OK	 
RecordedSimulation	2405797758138956053-5	REQUEST		request_9	1454600899136	1454600899138	1454600899220	1454600899220	OK	 
RecordedSimulation	2405797758138956053-9	REQUEST		request_9	1454600899091	1454600899105	1454600899200	1454600899200	OK	 
RecordedSimulation	2405797758138956053-8	REQUEST		request_9	1454600899105	1454600899106	1454600899194	1454600899194	OK	 
RecordedSimulation	2405797758138956053-0	REQUEST		request_8	1454600899100	1454600899103	1454600899198	1454600899198	OK	 
RecordedSimulation	2405797758138956053-3	REQUEST		request_8	1454600899083	1454600899085	1454600899176	1454600899176	OK	 
RecordedSimulation	2405797758138956053-5	REQUEST		request_7	1454600899134	1454600899136	1454600899199	1454600899199	OK	 
RecordedSimulation	2405797758138956053-9	REQUEST		request_8	1454600899087	1454600899105	1454600899202	1454600899202	OK	 
RecordedSimulation	2405797758138956053-5	REQUEST		request_8	1454600899135	1454600899136	1454600899219	1454600899219	OK	 
RecordedSimulation	2405797758138956053-9	REQUEST		request_7 Redirect 1	1454600899154	1454600899155	1454600899336	1454600899336	KO	status.find.in(200,304,201,202,203,204,205,206,207,208,209), but actually found 500
RecordedSimulation	2405797758138956053-1	REQUEST		request_9 Redirect 1	1454600899148	1454600899151	1454600899337	1454600899337	KO	status.find.in(200,304,201,202,203,204,205,206,207,208,209), but actually found 500
RecordedSimulation	2405797758138956053-8	REQUEST		request_8 Redirect 1	1454600899191	1454600899193	1454600899550	1454600899550	KO	status.find.in(200,304,201,202,203,204,205,206,207,208,209), but actually found 404
RecordedSimulation	2405797758138956053-1	REQUEST		request_8 Redirect 1	1454600899148	1454600899151	1454600899643	1454600899643	KO	status.find.in(200,304,201,202,203,204,205,206,207,208,209), but actually found 404
RecordedSimulation	2405797758138956053-7	REQUEST		request_7 Redirect 1	1454600899151	1454600899154	1454600899649	1454600899649	KO	status.find.in(200,304,201,202,203,204,205,206,207,208,209), but actually found 500
RecordedSimulation	2405797758138956053-1	REQUEST		request_7 Redirect 1	1454600899145	1454600899147	1454600899660	1454600899660	KO	status.find.in(200,304,201,202,203,204,205,206,207,208,209), but actually found 500
RecordedSimulation	2405797758138956053-3	REQUEST		request_7 Redirect 1	1454600899159	1454600899164	1454600899661	1454600899661	KO	status.find.in(200,304,201,202,203,204,205,206,207,208,209), but actually found 500
RecordedSimulation	2405797758138956053-3	REQUEST		request_8 Redirect 1	1454600899231	1454600899234	1454600899667	1454600899667	KO	status.find.in(200,304,201,202,203,204,205,206,207,208,209), but actually found 404
RecordedSimulation	2405797758138956053-9	REQUEST		request_8 Redirect 1	1454600899243	1454600899253	1454600899696	1454600899696	KO	status.find.in(200,304,201,202,203,204,205,206,207,208,209), but actually found 404
RecordedSimulation	2405797758138956053-1	USER	END	1454600890697	1454600899704
RecordedSimulation	2405797758138956053-7	REQUEST		request_8 Redirect 1	1454600899168	1454600899249	1454600899707	1454600899707	KO	status.find.in(200,304,201,202,203,204,205,206,207,208,209), but actually found 404
RecordedSimulation	2405797758138956053-0	REQUEST		request_8 Redirect 1	1454600899228	1454600899230	1454600899710	1454600899710	KO	status.find.in(200,304,201,202,203,204,205,206,207,208,209), but actually found 404
RecordedSimulation	2405797758138956053-0	REQUEST		request_7 Redirect 1	1454600899167	1454600899227	1454600899719	1454600899719	KO	status.find.in(200,304,201,202,203,204,205,206,207,208,209), but actually found 500
RecordedSimulation	2405797758138956053-9	REQUEST		request_9 Redirect 1	1454600899227	1454600899228	1454600899732	1454600899732	KO	status.find.in(200,304,201,202,203,204,205,206,207,208,209), but actually found 500
RecordedSimulation	2405797758138956053-5	REQUEST		request_9 Redirect 1	1454600899222	1454600899223	1454600899738	1454600899738	KO	status.find.in(200,304,201,202,203,204,205,206,207,208,209), but actually found 500
RecordedSimulation	2405797758138956053-5	REQUEST		request_7 Redirect 1	1454600899246	1454600899249	1454600899738	1454600899738	KO	status.find.in(200,304,201,202,203,204,205,206,207,208,209), but actually found 500
RecordedSimulation	2405797758138956053-9	USER	END	1454600890697	1454600899752
RecordedSimulation	2405797758138956053-2	REQUEST		request_7 Redirect 1	1454600899206	1454600899251	1454600899757	1454600899757	KO	status.find.in(200,304,201,202,203,204,205,206,207,208,209), but actually found 500
RecordedSimulation	2405797758138956053-8	REQUEST		request_7 Redirect 1	1454600899208	1454600899251	1454600899761	1454600899761	KO	status.find.in(200,304,201,202,203,204,205,206,207,208,209), but actually found 500
RecordedSimulation	2405797758138956053-3	REQUEST		request_9 Redirect 1	1454600899160	1454600899241	1454600899761	1454600899761	KO	status.find.in(200,304,201,202,203,204,205,206,207,208,209), but actually found 500
RecordedSimulation	2405797758138956053-3	USER	END	1454600890697	1454600899778
RecordedSimulation	2405797758138956053-8	REQUEST		request_9 Redirect 1	1454600899227	1454600899229	1454600899782	1454600899782	KO	status.find.in(200,304,201,202,203,204,205,206,207,208,209), but actually found 500
RecordedSimulation	2405797758138956053-6	REQUEST		request_8 Redirect 1	1454600899172	1454600899242	1454600899789	1454600899789	KO	status.find.in(200,304,201,202,203,204,205,206,207,208,209), but actually found 404
RecordedSimulation	2405797758138956053-7	REQUEST		request_9 Redirect 1	1454600899165	1454600899205	1454600899798	1454600899798	KO	status.find.in(200,304,201,202,203,204,205,206,207,208,209), but actually found 500
RecordedSimulation	2405797758138956053-2	REQUEST		request_8 Redirect 1	1454600899206	1454600899208	1454600899808	1454600899808	KO	status.find.in(200,304,201,202,203,204,205,206,207,208,209), but actually found 404
RecordedSimulation	2405797758138956053-6	REQUEST		request_9 Redirect 1	1454600899167	1454600899230	1454600899820	1454600899820	KO	status.find.in(200,304,201,202,203,204,205,206,207,208,209), but actually found 500
RecordedSimulation	2405797758138956053-4	REQUEST		request_7 Redirect 1	1454600899179	1454600899255	1454600899827	1454600899827	KO	status.find.in(200,304,201,202,203,204,205,206,207,208,209), but actually found 500
RecordedSimulation	2405797758138956053-0	REQUEST		request_9 Redirect 1	1454600899166	1454600899224	1454600899822	1454600899825	KO	status.find.in(200,304,201,202,203,204,205,206,207,208,209), but actually found 500
RecordedSimulation	2405797758138956053-6	REQUEST		request_7 Redirect 1	1454600899167	1454600899226	1454600899820	1454600899820	KO	status.find.in(200,304,201,202,203,204,205,206,207,208,209), but actually found 500
RecordedSimulation	2405797758138956053-8	USER	END	1454600890697	1454600899816
RecordedSimulation	2405797758138956053-7	USER	END	1454600890697	1454600899828
RecordedSimulation	2405797758138956053-2	REQUEST		request_9 Redirect 1	1454600899206	1454600899208	1454600899835	1454600899835	KO	status.find.in(200,304,201,202,203,204,205,206,207,208,209), but actually found 500
RecordedSimulation	2405797758138956053-4	REQUEST		request_9 Redirect 1	1454600899166	1454600899224	1454600899814	1454600899814	KO	status.find.in(200,304,201,202,203,204,205,206,207,208,209), but actually found 500
RecordedSimulation	2405797758138956053-4	REQUEST		request_8 Redirect 1	1454600899161	1454600899224	1454600899836	1454600899836	KO	status.find.in(200,304,201,202,203,204,205,206,207,208,209), but actually found 404
RecordedSimulation	2405797758138956053-0	USER	END	1454600890687	1454600899849
RecordedSimulation	2405797758138956053-5	REQUEST		request_8 Redirect 1	1454600899247	1454600899257	1454600899852	1454600899852	KO	status.find.in(200,304,201,202,203,204,205,206,207,208,209), but actually found 404
RecordedSimulation	2405797758138956053-6	USER	END	1454600890697	1454600899858
RecordedSimulation	2405797758138956053-2	USER	END	1454600890697	1454600899864
RecordedSimulation	2405797758138956053-4	USER	END	1454600890697	1454600899874
RecordedSimulation	2405797758138956053-5	USER	END	1454600890697	1454600899886
